<?xml version="1.0" encoding="UTF-8"?>
<testsuite xmlns:xsi="http://www.w3.org/2001/XMLSchema-instance" xsi:noNamespaceSchemaLocation="https://maven.apache.org/surefire/maven-surefire-plugin/xsd/surefire-test-report-3.0.xsd" version="3.0" name="logic.BloodDonationTest" time="132.164" tests="14" errors="13" skipped="0" failures="0">
  <properties>
    <property name="sun.desktop" value="windows"/>
    <property name="awt.toolkit" value="sun.awt.windows.WToolkit"/>
    <property name="java.specification.version" value="11"/>
    <property name="sun.cpu.isalist" value="amd64"/>
    <property name="sun.jnu.encoding" value="Cp1252"/>
    <property name="java.class.path" value="C:\Users\karka\Desktop\Algonquin\Algonquin\Term 3\Java3\Assignment2\SimpleBloodBank-Skeleton\SimpleBloodBank-Skeleton\target\test-classes;C:\Users\karka\Desktop\Algonquin\Algonquin\Term 3\Java3\Assignment2\SimpleBloodBank-Skeleton\SimpleBloodBank-Skeleton\target\classes;C:\Users\karka\.m2\repository\org\junit\jupiter\junit-jupiter\5.7.0\junit-jupiter-5.7.0.jar;C:\Users\karka\.m2\repository\org\junit\jupiter\junit-jupiter-api\5.7.0\junit-jupiter-api-5.7.0.jar;C:\Users\karka\.m2\repository\org\apiguardian\apiguardian-api\1.1.0\apiguardian-api-1.1.0.jar;C:\Users\karka\.m2\repository\org\opentest4j\opentest4j\1.2.0\opentest4j-1.2.0.jar;C:\Users\karka\.m2\repository\org\junit\platform\junit-platform-commons\1.7.0\junit-platform-commons-1.7.0.jar;C:\Users\karka\.m2\repository\org\junit\jupiter\junit-jupiter-params\5.7.0\junit-jupiter-params-5.7.0.jar;C:\Users\karka\.m2\repository\org\junit\jupiter\junit-jupiter-engine\5.7.0\junit-jupiter-engine-5.7.0.jar;C:\Users\karka\.m2\repository\org\junit\platform\junit-platform-engine\1.7.0\junit-platform-engine-1.7.0.jar;C:\Users\karka\.m2\repository\org\hamcrest\hamcrest\2.2\hamcrest-2.2.jar;C:\Users\karka\.m2\repository\org\hamcrest\hamcrest-library\2.2\hamcrest-library-2.2.jar;C:\Users\karka\.m2\repository\org\hamcrest\hamcrest-core\2.2\hamcrest-core-2.2.jar;C:\Users\karka\.m2\repository\org\apache\logging\log4j\log4j-api\2.14.0\log4j-api-2.14.0.jar;C:\Users\karka\.m2\repository\org\apache\logging\log4j\log4j-core\2.14.0\log4j-core-2.14.0.jar;C:\Users\karka\.m2\repository\org\hibernate\hibernate-core\5.4.27.Final\hibernate-core-5.4.27.Final.jar;C:\Users\karka\.m2\repository\org\jboss\logging\jboss-logging\3.4.1.Final\jboss-logging-3.4.1.Final.jar;C:\Users\karka\.m2\repository\javax\persistence\javax.persistence-api\2.2\javax.persistence-api-2.2.jar;C:\Users\karka\.m2\repository\org\javassist\javassist\3.27.0-GA\javassist-3.27.0-GA.jar;C:\Users\karka\.m2\repository\net\bytebuddy\byte-buddy\1.10.17\byte-buddy-1.10.17.jar;C:\Users\karka\.m2\repository\antlr\antlr\2.7.7\antlr-2.7.7.jar;C:\Users\karka\.m2\repository\org\jboss\spec\javax\transaction\jboss-transaction-api_1.2_spec\1.1.1.Final\jboss-transaction-api_1.2_spec-1.1.1.Final.jar;C:\Users\karka\.m2\repository\org\jboss\jandex\2.1.3.Final\jandex-2.1.3.Final.jar;C:\Users\karka\.m2\repository\com\fasterxml\classmate\1.5.1\classmate-1.5.1.jar;C:\Users\karka\.m2\repository\javax\activation\javax.activation-api\1.2.0\javax.activation-api-1.2.0.jar;C:\Users\karka\.m2\repository\org\dom4j\dom4j\2.1.3\dom4j-2.1.3.jar;C:\Users\karka\.m2\repository\org\hibernate\common\hibernate-commons-annotations\5.1.2.Final\hibernate-commons-annotations-5.1.2.Final.jar;C:\Users\karka\.m2\repository\javax\xml\bind\jaxb-api\2.3.1\jaxb-api-2.3.1.jar;C:\Users\karka\.m2\repository\org\glassfish\jaxb\jaxb-runtime\2.3.1\jaxb-runtime-2.3.1.jar;C:\Users\karka\.m2\repository\org\glassfish\jaxb\txw2\2.3.1\txw2-2.3.1.jar;C:\Users\karka\.m2\repository\com\sun\istack\istack-commons-runtime\3.0.7\istack-commons-runtime-3.0.7.jar;C:\Users\karka\.m2\repository\org\jvnet\staxex\stax-ex\1.8\stax-ex-1.8.jar;C:\Users\karka\.m2\repository\com\sun\xml\fastinfoset\FastInfoset\1.2.15\FastInfoset-1.2.15.jar;C:\Users\karka\.m2\repository\org\apache\tomcat\embed\tomcat-embed-core\9.0.44\tomcat-embed-core-9.0.44.jar;C:\Users\karka\.m2\repository\org\apache\tomcat\tomcat-annotations-api\9.0.44\tomcat-annotations-api-9.0.44.jar;C:\Users\karka\.m2\repository\org\apache\tomcat\embed\tomcat-embed-jasper\9.0.44\tomcat-embed-jasper-9.0.44.jar;C:\Users\karka\.m2\repository\org\apache\tomcat\embed\tomcat-embed-el\9.0.44\tomcat-embed-el-9.0.44.jar;C:\Users\karka\.m2\repository\org\eclipse\jdt\ecj\3.18.0\ecj-3.18.0.jar;C:\Users\karka\.m2\repository\org\apache\tomcat\tomcat-jdbc\9.0.44\tomcat-jdbc-9.0.44.jar;C:\Users\karka\.m2\repository\org\apache\tomcat\tomcat-juli\9.0.44\tomcat-juli-9.0.44.jar;C:\Users\karka\.m2\repository\jakarta\platform\jakarta.jakartaee-api\8.0.0\jakarta.jakartaee-api-8.0.0.jar;C:\Users\karka\.m2\repository\org\glassfish\web\jakarta.servlet.jsp.jstl\1.2.6\jakarta.servlet.jsp.jstl-1.2.6.jar;C:\Users\karka\.m2\repository\jakarta\servlet\jsp\jstl\jakarta.servlet.jsp.jstl-api\1.2.4\jakarta.servlet.jsp.jstl-api-1.2.4.jar;C:\Users\karka\.m2\repository\jakarta\servlet\jakarta.servlet-api\4.0.2\jakarta.servlet-api-4.0.2.jar;C:\Users\karka\.m2\repository\jakarta\el\jakarta.el-api\3.0.2\jakarta.el-api-3.0.2.jar;C:\Users\karka\.m2\repository\mysql\mysql-connector-java\8.0.23\mysql-connector-java-8.0.23.jar;C:\Users\karka\.m2\repository\com\google\protobuf\protobuf-java\3.11.4\protobuf-java-3.11.4.jar;"/>
    <property name="java.vm.vendor" value="AdoptOpenJDK"/>
    <property name="sun.arch.data.model" value="64"/>
    <property name="user.variant" value=""/>
    <property name="catalina.useNaming" value="true"/>
    <property name="java.vendor.url" value="https://adoptopenjdk.net/"/>
    <property name="user.timezone" value="America/New_York"/>
    <property name="java.vm.specification.version" value="11"/>
    <property name="os.name" value="Windows 10"/>
    <property name="user.country" value="CA"/>
    <property name="sun.java.launcher" value="SUN_STANDARD"/>
    <property name="sun.boot.library.path" value="C:\Program Files\AdoptOpenJDK\jdk-11.0.9.101-hotspot\bin"/>
    <property name="sun.java.command" value="C:\Users\karka\AppData\Local\Temp\surefire4539587198190654757\surefirebooter15458632581347954610.jar C:\Users\karka\AppData\Local\Temp\surefire4539587198190654757 2021-04-18T22-25-54_650-jvmRun1 surefire7710571005288213396tmp surefire_04776479287551506271tmp"/>
    <property name="jdk.debug" value="release"/>
    <property name="surefire.test.class.path" value="C:\Users\karka\Desktop\Algonquin\Algonquin\Term 3\Java3\Assignment2\SimpleBloodBank-Skeleton\SimpleBloodBank-Skeleton\target\test-classes;C:\Users\karka\Desktop\Algonquin\Algonquin\Term 3\Java3\Assignment2\SimpleBloodBank-Skeleton\SimpleBloodBank-Skeleton\target\classes;C:\Users\karka\.m2\repository\org\junit\jupiter\junit-jupiter\5.7.0\junit-jupiter-5.7.0.jar;C:\Users\karka\.m2\repository\org\junit\jupiter\junit-jupiter-api\5.7.0\junit-jupiter-api-5.7.0.jar;C:\Users\karka\.m2\repository\org\apiguardian\apiguardian-api\1.1.0\apiguardian-api-1.1.0.jar;C:\Users\karka\.m2\repository\org\opentest4j\opentest4j\1.2.0\opentest4j-1.2.0.jar;C:\Users\karka\.m2\repository\org\junit\platform\junit-platform-commons\1.7.0\junit-platform-commons-1.7.0.jar;C:\Users\karka\.m2\repository\org\junit\jupiter\junit-jupiter-params\5.7.0\junit-jupiter-params-5.7.0.jar;C:\Users\karka\.m2\repository\org\junit\jupiter\junit-jupiter-engine\5.7.0\junit-jupiter-engine-5.7.0.jar;C:\Users\karka\.m2\repository\org\junit\platform\junit-platform-engine\1.7.0\junit-platform-engine-1.7.0.jar;C:\Users\karka\.m2\repository\org\hamcrest\hamcrest\2.2\hamcrest-2.2.jar;C:\Users\karka\.m2\repository\org\hamcrest\hamcrest-library\2.2\hamcrest-library-2.2.jar;C:\Users\karka\.m2\repository\org\hamcrest\hamcrest-core\2.2\hamcrest-core-2.2.jar;C:\Users\karka\.m2\repository\org\apache\logging\log4j\log4j-api\2.14.0\log4j-api-2.14.0.jar;C:\Users\karka\.m2\repository\org\apache\logging\log4j\log4j-core\2.14.0\log4j-core-2.14.0.jar;C:\Users\karka\.m2\repository\org\hibernate\hibernate-core\5.4.27.Final\hibernate-core-5.4.27.Final.jar;C:\Users\karka\.m2\repository\org\jboss\logging\jboss-logging\3.4.1.Final\jboss-logging-3.4.1.Final.jar;C:\Users\karka\.m2\repository\javax\persistence\javax.persistence-api\2.2\javax.persistence-api-2.2.jar;C:\Users\karka\.m2\repository\org\javassist\javassist\3.27.0-GA\javassist-3.27.0-GA.jar;C:\Users\karka\.m2\repository\net\bytebuddy\byte-buddy\1.10.17\byte-buddy-1.10.17.jar;C:\Users\karka\.m2\repository\antlr\antlr\2.7.7\antlr-2.7.7.jar;C:\Users\karka\.m2\repository\org\jboss\spec\javax\transaction\jboss-transaction-api_1.2_spec\1.1.1.Final\jboss-transaction-api_1.2_spec-1.1.1.Final.jar;C:\Users\karka\.m2\repository\org\jboss\jandex\2.1.3.Final\jandex-2.1.3.Final.jar;C:\Users\karka\.m2\repository\com\fasterxml\classmate\1.5.1\classmate-1.5.1.jar;C:\Users\karka\.m2\repository\javax\activation\javax.activation-api\1.2.0\javax.activation-api-1.2.0.jar;C:\Users\karka\.m2\repository\org\dom4j\dom4j\2.1.3\dom4j-2.1.3.jar;C:\Users\karka\.m2\repository\org\hibernate\common\hibernate-commons-annotations\5.1.2.Final\hibernate-commons-annotations-5.1.2.Final.jar;C:\Users\karka\.m2\repository\javax\xml\bind\jaxb-api\2.3.1\jaxb-api-2.3.1.jar;C:\Users\karka\.m2\repository\org\glassfish\jaxb\jaxb-runtime\2.3.1\jaxb-runtime-2.3.1.jar;C:\Users\karka\.m2\repository\org\glassfish\jaxb\txw2\2.3.1\txw2-2.3.1.jar;C:\Users\karka\.m2\repository\com\sun\istack\istack-commons-runtime\3.0.7\istack-commons-runtime-3.0.7.jar;C:\Users\karka\.m2\repository\org\jvnet\staxex\stax-ex\1.8\stax-ex-1.8.jar;C:\Users\karka\.m2\repository\com\sun\xml\fastinfoset\FastInfoset\1.2.15\FastInfoset-1.2.15.jar;C:\Users\karka\.m2\repository\org\apache\tomcat\embed\tomcat-embed-core\9.0.44\tomcat-embed-core-9.0.44.jar;C:\Users\karka\.m2\repository\org\apache\tomcat\tomcat-annotations-api\9.0.44\tomcat-annotations-api-9.0.44.jar;C:\Users\karka\.m2\repository\org\apache\tomcat\embed\tomcat-embed-jasper\9.0.44\tomcat-embed-jasper-9.0.44.jar;C:\Users\karka\.m2\repository\org\apache\tomcat\embed\tomcat-embed-el\9.0.44\tomcat-embed-el-9.0.44.jar;C:\Users\karka\.m2\repository\org\eclipse\jdt\ecj\3.18.0\ecj-3.18.0.jar;C:\Users\karka\.m2\repository\org\apache\tomcat\tomcat-jdbc\9.0.44\tomcat-jdbc-9.0.44.jar;C:\Users\karka\.m2\repository\org\apache\tomcat\tomcat-juli\9.0.44\tomcat-juli-9.0.44.jar;C:\Users\karka\.m2\repository\jakarta\platform\jakarta.jakartaee-api\8.0.0\jakarta.jakartaee-api-8.0.0.jar;C:\Users\karka\.m2\repository\org\glassfish\web\jakarta.servlet.jsp.jstl\1.2.6\jakarta.servlet.jsp.jstl-1.2.6.jar;C:\Users\karka\.m2\repository\jakarta\servlet\jsp\jstl\jakarta.servlet.jsp.jstl-api\1.2.4\jakarta.servlet.jsp.jstl-api-1.2.4.jar;C:\Users\karka\.m2\repository\jakarta\servlet\jakarta.servlet-api\4.0.2\jakarta.servlet-api-4.0.2.jar;C:\Users\karka\.m2\repository\jakarta\el\jakarta.el-api\3.0.2\jakarta.el-api-3.0.2.jar;C:\Users\karka\.m2\repository\mysql\mysql-connector-java\8.0.23\mysql-connector-java-8.0.23.jar;C:\Users\karka\.m2\repository\com\google\protobuf\protobuf-java\3.11.4\protobuf-java-3.11.4.jar;"/>
    <property name="sun.cpu.endian" value="little"/>
    <property name="user.home" value="C:\Users\karka"/>
    <property name="user.language" value="en"/>
    <property name="java.specification.vendor" value="Oracle Corporation"/>
    <property name="java.naming.factory.url.pkgs" value="org.apache.naming"/>
    <property name="java.version.date" value="2020-11-04"/>
    <property name="java.home" value="C:\Program Files\AdoptOpenJDK\jdk-11.0.9.101-hotspot"/>
    <property name="file.separator" value="\"/>
    <property name="basedir" value="C:\Users\karka\Desktop\Algonquin\Algonquin\Term 3\Java3\Assignment2\SimpleBloodBank-Skeleton\SimpleBloodBank-Skeleton"/>
    <property name="java.vm.compressedOopsMode" value="32-bit"/>
    <property name="line.separator" value="&#10;"/>
    <property name="java.specification.name" value="Java Platform API Specification"/>
    <property name="java.vm.specification.vendor" value="Oracle Corporation"/>
    <property name="java.awt.graphicsenv" value="sun.awt.Win32GraphicsEnvironment"/>
    <property name="surefire.real.class.path" value="C:\Users\karka\AppData\Local\Temp\surefire4539587198190654757\surefirebooter15458632581347954610.jar"/>
    <property name="user.script" value=""/>
    <property name="sun.management.compiler" value="HotSpot 64-Bit Tiered Compilers"/>
    <property name="java.runtime.version" value="11.0.9.1+1"/>
    <property name="java.naming.factory.initial" value="org.apache.naming.java.javaURLContextFactory"/>
    <property name="user.name" value="karka"/>
    <property name="path.separator" value=";"/>
    <property name="os.version" value="10.0"/>
    <property name="java.runtime.name" value="OpenJDK Runtime Environment"/>
    <property name="file.encoding" value="UTF-8"/>
    <property name="java.vm.name" value="OpenJDK 64-Bit Server VM"/>
    <property name="java.vendor.version" value="AdoptOpenJDK"/>
    <property name="maven.ext.class.path" value="C:\Program Files\NetBeans-12.0\netbeans\java\maven-nblib\netbeans-eventspy.jar"/>
    <property name="localRepository" value="C:\Users\karka\.m2\repository"/>
    <property name="java.vendor.url.bug" value="https://github.com/AdoptOpenJDK/openjdk-support/issues"/>
    <property name="java.io.tmpdir" value="C:\Users\karka\AppData\Local\Temp\"/>
    <property name="catalina.home" value="C:\Users\karka\Desktop\Algonquin\Algonquin\Term 3\Java3\Assignment2\SimpleBloodBank-Skeleton\SimpleBloodBank-Skeleton\tomcat.8080"/>
    <property name="java.version" value="11.0.9.1"/>
    <property name="user.dir" value="C:\Users\karka\Desktop\Algonquin\Algonquin\Term 3\Java3\Assignment2\SimpleBloodBank-Skeleton\SimpleBloodBank-Skeleton"/>
    <property name="os.arch" value="amd64"/>
    <property name="java.vm.specification.name" value="Java Virtual Machine Specification"/>
    <property name="java.awt.printerjob" value="sun.awt.windows.WPrinterJob"/>
    <property name="sun.os.patch.level" value=""/>
    <property name="catalina.base" value="C:\Users\karka\Desktop\Algonquin\Algonquin\Term 3\Java3\Assignment2\SimpleBloodBank-Skeleton\SimpleBloodBank-Skeleton\tomcat.8080"/>
    <property name="java.library.path" value="C:\Program Files\AdoptOpenJDK\jdk-11.0.9.101-hotspot\bin;C:\WINDOWS\Sun\Java\bin;C:\WINDOWS\system32;C:\WINDOWS;C:\Program Files\Python39\Scripts\;C:\Program Files\Python39\;C:\Program Files\AdoptOpenJDK\jdk-11.0.9.101-hotspot\bin;C:\Windows\system32;C:\Windows;C:\Windows\System32\Wbem;C:\Windows\System32\WindowsPowerShell\v1.0\;C:\Windows\System32\OpenSSH\;C:\Program Files (x86)\NVIDIA Corporation\PhysX\Common;C:\Program Files\NVIDIA Corporation\NVIDIA NvDLISR;C:\Program Files (x86)\Yarn\bin\;&quot;;C:\Program Files\AdoptOpenJDK\jdk-11.0.8.10-hotspot\\bin;;C:\WINDOWS\system32;C:\WINDOWS;C:\WINDOWS\System32\Wbem;C:\WINDOWS\System32\WindowsPowerShell\v1.0\;C:\WINDOWS\System32\OpenSSH\;C:\Users\karka\AppData\Local\Microsoft\WindowsApps;;C:\Users\karka\AppData\Local\Programs\Microsoft VS Code\bin;C:\Users\karka\AppData\Local\Yarn\bin;."/>
    <property name="java.vm.info" value="mixed mode"/>
    <property name="java.vendor" value="AdoptOpenJDK"/>
    <property name="java.vm.version" value="11.0.9.1+1"/>
    <property name="sun.io.unicode.encoding" value="UnicodeLittle"/>
    <property name="java.class.version" value="55.0"/>
  </properties>
  <testcase name="testCreateEntity" classname="logic.BloodDonationTest" time="0.02">
    <system-out><![CDATA[2021-04-18T22:26:00,506|[DEBUG] EMFactory - getting EntityManagerFactory
2021-04-18T22:26:00,506|[DEBUG] EMFactory - initializeing EntityManagerFactory
2021-04-18T22:26:00,506|[DEBUG] SQL - 
    select
        bloodbank0_.bank_id as bank_id1_1_0_,
        bloodbank0_.emplyee_count as emplyee_2_1_0_,
        bloodbank0_.established as establis3_1_0_,
        bloodbank0_.name as name4_1_0_,
        bloodbank0_.owner as owner6_1_0_,
        bloodbank0_.privately_owned as privatel5_1_0_ 
    from
        simplebloodbank.blood_bank bloodbank0_ 
    where
        bloodbank0_.bank_id=?
2021-04-18T22:26:00,506|[TRACE] BasicBinder - binding parameter [1] as [INTEGER] - [1]
2021-04-18T22:26:00,508|[DEBUG] SQL - 
    /* insert entity.BloodBank
        */ insert 
        into
            simplebloodbank.blood_bank
            (emplyee_count, established, name, owner, privately_owned) 
        values
            (?, ?, ?, ?, ?)
2021-04-18T22:26:00,508|[TRACE] BasicBinder - binding parameter [1] as [INTEGER] - [111]
2021-04-18T22:26:00,508|[TRACE] BasicBinder - binding parameter [2] as [TIMESTAMP] - [Sat Nov 11 11:11:11 EST 1111]
2021-04-18T22:26:00,508|[TRACE] BasicBinder - binding parameter [3] as [VARCHAR] - [JUNIT]
2021-04-18T22:26:00,508|[TRACE] BasicBinder - binding parameter [4] as [INTEGER] - [null]
2021-04-18T22:26:00,508|[TRACE] BasicBinder - binding parameter [5] as [BOOLEAN] - [true]
2021-04-18T22:26:00,508|[DEBUG] SQL - 
    /* insert entity.BloodDonation
        */ insert 
        into
            simplebloodbank.blood_donation
            (bank_id, blood_group, created, milliliters, rhd) 
        values
            (?, ?, ?, ?, ?)
2021-04-18T22:26:00,508|[TRACE] BasicBinder - binding parameter [1] as [INTEGER] - [15]
2021-04-18T22:26:00,508|[TRACE] BasicBinder - binding parameter [2] as [VARCHAR] - [AB]
2021-04-18T22:26:00,508|[TRACE] BasicBinder - binding parameter [3] as [TIMESTAMP] - [Sat Nov 11 11:11:11 EST 1111]
2021-04-18T22:26:00,508|[TRACE] BasicBinder - binding parameter [4] as [INTEGER] - [100]
2021-04-18T22:26:00,508|[DEBUG] AttributeConverterSqlTypeDescriptorAdapter - Converted value on binding : Negative -> -
2021-04-18T22:26:00,508|[TRACE] BasicBinder - binding parameter [5] as [VARCHAR] - [-]
2021-04-18T22:26:00,516|[DEBUG] EMFactory - getting EntityManagerFactory
2021-04-18T22:26:00,516|[DEBUG] EMFactory - initializeing EntityManagerFactory
2021-04-18T22:26:00,516|[DEBUG] SQL - 
    select
        bloodbank0_.bank_id as bank_id1_1_0_,
        bloodbank0_.emplyee_count as emplyee_2_1_0_,
        bloodbank0_.established as establis3_1_0_,
        bloodbank0_.name as name4_1_0_,
        bloodbank0_.owner as owner6_1_0_,
        bloodbank0_.privately_owned as privatel5_1_0_ 
    from
        simplebloodbank.blood_bank bloodbank0_ 
    where
        bloodbank0_.bank_id=?
2021-04-18T22:26:00,516|[TRACE] BasicBinder - binding parameter [1] as [INTEGER] - [15]
2021-04-18T22:26:00,518|[TRACE] BasicExtractor - extracted value ([emplyee_2_1_0_] : [INTEGER]) - [111]
2021-04-18T22:26:00,518|[TRACE] BasicExtractor - extracted value ([establis3_1_0_] : [TIMESTAMP]) - [1111-11-11 11:11:11.0]
2021-04-18T22:26:00,518|[TRACE] BasicExtractor - extracted value ([name4_1_0_] : [VARCHAR]) - [JUNIT]
2021-04-18T22:26:00,518|[TRACE] BasicExtractor - extracted value ([owner6_1_0_] : [INTEGER]) - [null]
2021-04-18T22:26:00,518|[TRACE] BasicExtractor - extracted value ([privatel5_1_0_] : [BOOLEAN]) - [true]
2021-04-18T22:26:00,518|[DEBUG] EMFactory - getting EntityManagerFactory
2021-04-18T22:26:00,518|[DEBUG] EMFactory - initializeing EntityManagerFactory
2021-04-18T22:26:00,518|[DEBUG] SQL - 
    /* load entity.BloodDonation */ select
        blooddonat0_.donation_id as donation1_2_0_,
        blooddonat0_.bank_id as bank_id6_2_0_,
        blooddonat0_.blood_group as blood_gr2_2_0_,
        blooddonat0_.created as created3_2_0_,
        blooddonat0_.milliliters as millilit4_2_0_,
        blooddonat0_.rhd as rhd5_2_0_ 
    from
        simplebloodbank.blood_donation blooddonat0_ 
    where
        blooddonat0_.donation_id=?
2021-04-18T22:26:00,518|[TRACE] BasicBinder - binding parameter [1] as [INTEGER] - [1]
2021-04-18T22:26:00,518|[TRACE] BasicExtractor - extracted value ([bank_id6_2_0_] : [INTEGER]) - [15]
2021-04-18T22:26:00,518|[TRACE] BasicExtractor - extracted value ([blood_gr2_2_0_] : [VARCHAR]) - [AB]
2021-04-18T22:26:00,518|[TRACE] BasicExtractor - extracted value ([created3_2_0_] : [TIMESTAMP]) - [1111-11-11 11:11:11.0]
2021-04-18T22:26:00,518|[TRACE] BasicExtractor - extracted value ([millilit4_2_0_] : [INTEGER]) - [100]
2021-04-18T22:26:00,518|[TRACE] BasicExtractor - extracted value ([rhd5_2_0_] : [VARCHAR]) - [-]
2021-04-18T22:26:00,518|[DEBUG] AttributeConverterSqlTypeDescriptorAdapter - Converted value on extraction: - -> Negative
2021-04-18T22:26:00,526|[DEBUG] SQL - 
    /* delete entity.BloodDonation */ delete 
        from
            simplebloodbank.blood_donation 
        where
            donation_id=?
2021-04-18T22:26:00,526|[TRACE] BasicBinder - binding parameter [1] as [INTEGER] - [1]
]]></system-out>
  </testcase>
  <testcase name="testGetBloodDonationWithMilliliters" classname="logic.BloodDonationTest" time="0.02">
    <error type="javax.persistence.PersistenceException"><![CDATA[javax.persistence.PersistenceException: org.hibernate.exception.ConstraintViolationException: could not execute statement
	at logic.BloodDonationTest.setUp(BloodDonationTest.java:66)
Caused by: org.hibernate.exception.ConstraintViolationException: could not execute statement
	at logic.BloodDonationTest.setUp(BloodDonationTest.java:66)
Caused by: java.sql.SQLIntegrityConstraintViolationException: Duplicate entry 'JUNIT' for key 'blood_bank.name_UNIQUE'
	at logic.BloodDonationTest.setUp(BloodDonationTest.java:66)
]]></error>
    <system-out><![CDATA[2021-04-18T22:26:00,526|[DEBUG] EMFactory - getting EntityManagerFactory
2021-04-18T22:26:00,526|[DEBUG] EMFactory - initializeing EntityManagerFactory
2021-04-18T22:26:00,526|[DEBUG] SQL - 
    select
        bloodbank0_.bank_id as bank_id1_1_0_,
        bloodbank0_.emplyee_count as emplyee_2_1_0_,
        bloodbank0_.established as establis3_1_0_,
        bloodbank0_.name as name4_1_0_,
        bloodbank0_.owner as owner6_1_0_,
        bloodbank0_.privately_owned as privatel5_1_0_ 
    from
        simplebloodbank.blood_bank bloodbank0_ 
    where
        bloodbank0_.bank_id=?
2021-04-18T22:26:00,526|[TRACE] BasicBinder - binding parameter [1] as [INTEGER] - [1]
2021-04-18T22:26:00,526|[DEBUG] SQL - 
    /* insert entity.BloodBank
        */ insert 
        into
            simplebloodbank.blood_bank
            (emplyee_count, established, name, owner, privately_owned) 
        values
            (?, ?, ?, ?, ?)
2021-04-18T22:26:00,526|[TRACE] BasicBinder - binding parameter [1] as [INTEGER] - [111]
2021-04-18T22:26:00,526|[TRACE] BasicBinder - binding parameter [2] as [TIMESTAMP] - [Sat Nov 11 11:11:11 EST 1111]
2021-04-18T22:26:00,526|[TRACE] BasicBinder - binding parameter [3] as [VARCHAR] - [JUNIT]
2021-04-18T22:26:00,526|[TRACE] BasicBinder - binding parameter [4] as [INTEGER] - [null]
2021-04-18T22:26:00,526|[TRACE] BasicBinder - binding parameter [5] as [BOOLEAN] - [true]
2021-04-18T22:26:00,538|[WARN ] SqlExceptionHelper - SQL Error: 1062, SQLState: 23000
2021-04-18T22:26:00,538|[ERROR] SqlExceptionHelper - Duplicate entry 'JUNIT' for key 'blood_bank.name_UNIQUE'
]]></system-out>
  </testcase>
  <testcase name="testGetBloodDonationWithBloodGroup" classname="logic.BloodDonationTest" time="21.972">
    <error type="javax.persistence.PersistenceException"><![CDATA[javax.persistence.PersistenceException: org.hibernate.exception.ConstraintViolationException: could not execute statement
	at logic.BloodDonationTest.setUp(BloodDonationTest.java:66)
Caused by: org.hibernate.exception.ConstraintViolationException: could not execute statement
	at logic.BloodDonationTest.setUp(BloodDonationTest.java:66)
Caused by: java.sql.SQLIntegrityConstraintViolationException: Duplicate entry 'JUNIT' for key 'blood_bank.name_UNIQUE'
	at logic.BloodDonationTest.setUp(BloodDonationTest.java:66)
]]></error>
    <system-out><![CDATA[2021-04-18T22:26:00,548|[DEBUG] EMFactory - getting EntityManagerFactory
2021-04-18T22:26:00,548|[DEBUG] EMFactory - initializeing EntityManagerFactory
2021-04-18T22:26:00,558|[DEBUG] SQL - 
    select
        bloodbank0_.bank_id as bank_id1_1_0_,
        bloodbank0_.emplyee_count as emplyee_2_1_0_,
        bloodbank0_.established as establis3_1_0_,
        bloodbank0_.name as name4_1_0_,
        bloodbank0_.owner as owner6_1_0_,
        bloodbank0_.privately_owned as privatel5_1_0_ 
    from
        simplebloodbank.blood_bank bloodbank0_ 
    where
        bloodbank0_.bank_id=?
2021-04-18T22:26:00,558|[TRACE] BasicBinder - binding parameter [1] as [INTEGER] - [1]
2021-04-18T22:26:00,558|[DEBUG] SQL - 
    /* insert entity.BloodBank
        */ insert 
        into
            simplebloodbank.blood_bank
            (emplyee_count, established, name, owner, privately_owned) 
        values
            (?, ?, ?, ?, ?)
2021-04-18T22:26:00,558|[TRACE] BasicBinder - binding parameter [1] as [INTEGER] - [111]
2021-04-18T22:26:00,558|[TRACE] BasicBinder - binding parameter [2] as [TIMESTAMP] - [Sat Nov 11 11:11:11 EST 1111]
2021-04-18T22:26:00,558|[TRACE] BasicBinder - binding parameter [3] as [VARCHAR] - [JUNIT]
2021-04-18T22:26:00,558|[TRACE] BasicBinder - binding parameter [4] as [INTEGER] - [null]
2021-04-18T22:26:00,558|[TRACE] BasicBinder - binding parameter [5] as [BOOLEAN] - [true]
2021-04-18T22:26:22,520|[WARN ] SqlExceptionHelper - SQL Error: 1062, SQLState: 23000
2021-04-18T22:26:22,520|[ERROR] SqlExceptionHelper - Duplicate entry 'JUNIT' for key 'blood_bank.name_UNIQUE'
]]></system-out>
  </testcase>
  <testcase name="testCreateEntityNullAndEmptyValues" classname="logic.BloodDonationTest" time="0.015">
    <error type="javax.persistence.PersistenceException"><![CDATA[javax.persistence.PersistenceException: org.hibernate.exception.ConstraintViolationException: could not execute statement
	at logic.BloodDonationTest.setUp(BloodDonationTest.java:66)
Caused by: org.hibernate.exception.ConstraintViolationException: could not execute statement
	at logic.BloodDonationTest.setUp(BloodDonationTest.java:66)
Caused by: java.sql.SQLIntegrityConstraintViolationException: Duplicate entry 'JUNIT' for key 'blood_bank.name_UNIQUE'
	at logic.BloodDonationTest.setUp(BloodDonationTest.java:66)
]]></error>
    <system-out><![CDATA[2021-04-18T22:26:22,523|[DEBUG] EMFactory - getting EntityManagerFactory
2021-04-18T22:26:22,523|[DEBUG] EMFactory - initializeing EntityManagerFactory
2021-04-18T22:26:22,535|[DEBUG] SQL - 
    select
        bloodbank0_.bank_id as bank_id1_1_0_,
        bloodbank0_.emplyee_count as emplyee_2_1_0_,
        bloodbank0_.established as establis3_1_0_,
        bloodbank0_.name as name4_1_0_,
        bloodbank0_.owner as owner6_1_0_,
        bloodbank0_.privately_owned as privatel5_1_0_ 
    from
        simplebloodbank.blood_bank bloodbank0_ 
    where
        bloodbank0_.bank_id=?
2021-04-18T22:26:22,535|[TRACE] BasicBinder - binding parameter [1] as [INTEGER] - [1]
2021-04-18T22:26:22,536|[DEBUG] SQL - 
    /* insert entity.BloodBank
        */ insert 
        into
            simplebloodbank.blood_bank
            (emplyee_count, established, name, owner, privately_owned) 
        values
            (?, ?, ?, ?, ?)
2021-04-18T22:26:22,536|[TRACE] BasicBinder - binding parameter [1] as [INTEGER] - [111]
2021-04-18T22:26:22,536|[TRACE] BasicBinder - binding parameter [2] as [TIMESTAMP] - [Sat Nov 11 11:11:11 EST 1111]
2021-04-18T22:26:22,536|[TRACE] BasicBinder - binding parameter [3] as [VARCHAR] - [JUNIT]
2021-04-18T22:26:22,536|[TRACE] BasicBinder - binding parameter [4] as [INTEGER] - [null]
2021-04-18T22:26:22,536|[TRACE] BasicBinder - binding parameter [5] as [BOOLEAN] - [true]
2021-04-18T22:26:22,537|[WARN ] SqlExceptionHelper - SQL Error: 1062, SQLState: 23000
2021-04-18T22:26:22,537|[ERROR] SqlExceptionHelper - Duplicate entry 'JUNIT' for key 'blood_bank.name_UNIQUE'
]]></system-out>
  </testcase>
  <testcase name="testExtractDataAsList" classname="logic.BloodDonationTest" time="24.992">
    <error type="javax.persistence.PersistenceException"><![CDATA[javax.persistence.PersistenceException: org.hibernate.exception.ConstraintViolationException: could not execute statement
	at logic.BloodDonationTest.setUp(BloodDonationTest.java:66)
Caused by: org.hibernate.exception.ConstraintViolationException: could not execute statement
	at logic.BloodDonationTest.setUp(BloodDonationTest.java:66)
Caused by: java.sql.SQLIntegrityConstraintViolationException: Duplicate entry 'JUNIT' for key 'blood_bank.name_UNIQUE'
	at logic.BloodDonationTest.setUp(BloodDonationTest.java:66)
]]></error>
    <system-out><![CDATA[2021-04-18T22:26:22,538|[DEBUG] EMFactory - getting EntityManagerFactory
2021-04-18T22:26:22,538|[DEBUG] EMFactory - initializeing EntityManagerFactory
2021-04-18T22:26:22,549|[DEBUG] SQL - 
    select
        bloodbank0_.bank_id as bank_id1_1_0_,
        bloodbank0_.emplyee_count as emplyee_2_1_0_,
        bloodbank0_.established as establis3_1_0_,
        bloodbank0_.name as name4_1_0_,
        bloodbank0_.owner as owner6_1_0_,
        bloodbank0_.privately_owned as privatel5_1_0_ 
    from
        simplebloodbank.blood_bank bloodbank0_ 
    where
        bloodbank0_.bank_id=?
2021-04-18T22:26:22,549|[TRACE] BasicBinder - binding parameter [1] as [INTEGER] - [1]
2021-04-18T22:26:22,550|[DEBUG] SQL - 
    /* insert entity.BloodBank
        */ insert 
        into
            simplebloodbank.blood_bank
            (emplyee_count, established, name, owner, privately_owned) 
        values
            (?, ?, ?, ?, ?)
2021-04-18T22:26:22,550|[TRACE] BasicBinder - binding parameter [1] as [INTEGER] - [111]
2021-04-18T22:26:22,550|[TRACE] BasicBinder - binding parameter [2] as [TIMESTAMP] - [Sat Nov 11 11:11:11 EST 1111]
2021-04-18T22:26:22,550|[TRACE] BasicBinder - binding parameter [3] as [VARCHAR] - [JUNIT]
2021-04-18T22:26:22,550|[TRACE] BasicBinder - binding parameter [4] as [INTEGER] - [null]
2021-04-18T22:26:22,550|[TRACE] BasicBinder - binding parameter [5] as [BOOLEAN] - [true]
2021-04-18T22:26:47,529|[WARN ] SqlExceptionHelper - SQL Error: 1062, SQLState: 23000
2021-04-18T22:26:47,529|[ERROR] SqlExceptionHelper - Duplicate entry 'JUNIT' for key 'blood_bank.name_UNIQUE'
]]></system-out>
  </testcase>
  <testcase name="testGetBloodDonationsWithBloodBank" classname="logic.BloodDonationTest" time="0.015">
    <error type="javax.persistence.PersistenceException"><![CDATA[javax.persistence.PersistenceException: org.hibernate.exception.ConstraintViolationException: could not execute statement
	at logic.BloodDonationTest.setUp(BloodDonationTest.java:66)
Caused by: org.hibernate.exception.ConstraintViolationException: could not execute statement
	at logic.BloodDonationTest.setUp(BloodDonationTest.java:66)
Caused by: java.sql.SQLIntegrityConstraintViolationException: Duplicate entry 'JUNIT' for key 'blood_bank.name_UNIQUE'
	at logic.BloodDonationTest.setUp(BloodDonationTest.java:66)
]]></error>
    <system-out><![CDATA[2021-04-18T22:26:47,532|[DEBUG] EMFactory - getting EntityManagerFactory
2021-04-18T22:26:47,532|[DEBUG] EMFactory - initializeing EntityManagerFactory
2021-04-18T22:26:47,545|[DEBUG] SQL - 
    select
        bloodbank0_.bank_id as bank_id1_1_0_,
        bloodbank0_.emplyee_count as emplyee_2_1_0_,
        bloodbank0_.established as establis3_1_0_,
        bloodbank0_.name as name4_1_0_,
        bloodbank0_.owner as owner6_1_0_,
        bloodbank0_.privately_owned as privatel5_1_0_ 
    from
        simplebloodbank.blood_bank bloodbank0_ 
    where
        bloodbank0_.bank_id=?
2021-04-18T22:26:47,545|[TRACE] BasicBinder - binding parameter [1] as [INTEGER] - [1]
2021-04-18T22:26:47,546|[DEBUG] SQL - 
    /* insert entity.BloodBank
        */ insert 
        into
            simplebloodbank.blood_bank
            (emplyee_count, established, name, owner, privately_owned) 
        values
            (?, ?, ?, ?, ?)
2021-04-18T22:26:47,546|[TRACE] BasicBinder - binding parameter [1] as [INTEGER] - [111]
2021-04-18T22:26:47,546|[TRACE] BasicBinder - binding parameter [2] as [TIMESTAMP] - [Sat Nov 11 11:11:11 EST 1111]
2021-04-18T22:26:47,546|[TRACE] BasicBinder - binding parameter [3] as [VARCHAR] - [JUNIT]
2021-04-18T22:26:47,546|[TRACE] BasicBinder - binding parameter [4] as [INTEGER] - [null]
2021-04-18T22:26:47,546|[TRACE] BasicBinder - binding parameter [5] as [BOOLEAN] - [true]
2021-04-18T22:26:47,547|[WARN ] SqlExceptionHelper - SQL Error: 1062, SQLState: 23000
2021-04-18T22:26:47,547|[ERROR] SqlExceptionHelper - Duplicate entry 'JUNIT' for key 'blood_bank.name_UNIQUE'
]]></system-out>
  </testcase>
  <testcase name="testCreateEntityAndAdd" classname="logic.BloodDonationTest" time="20.002">
    <error type="javax.persistence.PersistenceException"><![CDATA[javax.persistence.PersistenceException: org.hibernate.exception.ConstraintViolationException: could not execute statement
	at logic.BloodDonationTest.setUp(BloodDonationTest.java:66)
Caused by: org.hibernate.exception.ConstraintViolationException: could not execute statement
	at logic.BloodDonationTest.setUp(BloodDonationTest.java:66)
Caused by: java.sql.SQLIntegrityConstraintViolationException: Duplicate entry 'JUNIT' for key 'blood_bank.name_UNIQUE'
	at logic.BloodDonationTest.setUp(BloodDonationTest.java:66)
]]></error>
    <system-out><![CDATA[2021-04-18T22:26:47,548|[DEBUG] EMFactory - getting EntityManagerFactory
2021-04-18T22:26:47,548|[DEBUG] EMFactory - initializeing EntityManagerFactory
2021-04-18T22:26:47,559|[DEBUG] SQL - 
    select
        bloodbank0_.bank_id as bank_id1_1_0_,
        bloodbank0_.emplyee_count as emplyee_2_1_0_,
        bloodbank0_.established as establis3_1_0_,
        bloodbank0_.name as name4_1_0_,
        bloodbank0_.owner as owner6_1_0_,
        bloodbank0_.privately_owned as privatel5_1_0_ 
    from
        simplebloodbank.blood_bank bloodbank0_ 
    where
        bloodbank0_.bank_id=?
2021-04-18T22:26:47,560|[TRACE] BasicBinder - binding parameter [1] as [INTEGER] - [1]
2021-04-18T22:26:47,560|[DEBUG] SQL - 
    /* insert entity.BloodBank
        */ insert 
        into
            simplebloodbank.blood_bank
            (emplyee_count, established, name, owner, privately_owned) 
        values
            (?, ?, ?, ?, ?)
2021-04-18T22:26:47,560|[TRACE] BasicBinder - binding parameter [1] as [INTEGER] - [111]
2021-04-18T22:26:47,561|[TRACE] BasicBinder - binding parameter [2] as [TIMESTAMP] - [Sat Nov 11 11:11:11 EST 1111]
2021-04-18T22:26:47,561|[TRACE] BasicBinder - binding parameter [3] as [VARCHAR] - [JUNIT]
2021-04-18T22:26:47,561|[TRACE] BasicBinder - binding parameter [4] as [INTEGER] - [null]
2021-04-18T22:26:47,561|[TRACE] BasicBinder - binding parameter [5] as [BOOLEAN] - [true]
2021-04-18T22:27:07,550|[WARN ] SqlExceptionHelper - SQL Error: 1062, SQLState: 23000
2021-04-18T22:27:07,550|[ERROR] SqlExceptionHelper - Duplicate entry 'JUNIT' for key 'blood_bank.name_UNIQUE'
]]></system-out>
  </testcase>
  <testcase name="testGetAll" classname="logic.BloodDonationTest" time="0.016">
    <error type="javax.persistence.PersistenceException"><![CDATA[javax.persistence.PersistenceException: org.hibernate.exception.ConstraintViolationException: could not execute statement
	at logic.BloodDonationTest.setUp(BloodDonationTest.java:66)
Caused by: org.hibernate.exception.ConstraintViolationException: could not execute statement
	at logic.BloodDonationTest.setUp(BloodDonationTest.java:66)
Caused by: java.sql.SQLIntegrityConstraintViolationException: Duplicate entry 'JUNIT' for key 'blood_bank.name_UNIQUE'
	at logic.BloodDonationTest.setUp(BloodDonationTest.java:66)
]]></error>
    <system-out><![CDATA[2021-04-18T22:27:07,565|[DEBUG] EMFactory - getting EntityManagerFactory
2021-04-18T22:27:07,565|[DEBUG] EMFactory - initializeing EntityManagerFactory
2021-04-18T22:27:07,565|[DEBUG] SQL - 
    select
        bloodbank0_.bank_id as bank_id1_1_0_,
        bloodbank0_.emplyee_count as emplyee_2_1_0_,
        bloodbank0_.established as establis3_1_0_,
        bloodbank0_.name as name4_1_0_,
        bloodbank0_.owner as owner6_1_0_,
        bloodbank0_.privately_owned as privatel5_1_0_ 
    from
        simplebloodbank.blood_bank bloodbank0_ 
    where
        bloodbank0_.bank_id=?
2021-04-18T22:27:07,565|[TRACE] BasicBinder - binding parameter [1] as [INTEGER] - [1]
2021-04-18T22:27:07,565|[DEBUG] SQL - 
    /* insert entity.BloodBank
        */ insert 
        into
            simplebloodbank.blood_bank
            (emplyee_count, established, name, owner, privately_owned) 
        values
            (?, ?, ?, ?, ?)
2021-04-18T22:27:07,565|[TRACE] BasicBinder - binding parameter [1] as [INTEGER] - [111]
2021-04-18T22:27:07,565|[TRACE] BasicBinder - binding parameter [2] as [TIMESTAMP] - [Sat Nov 11 11:11:11 EST 1111]
2021-04-18T22:27:07,565|[TRACE] BasicBinder - binding parameter [3] as [VARCHAR] - [JUNIT]
2021-04-18T22:27:07,565|[TRACE] BasicBinder - binding parameter [4] as [INTEGER] - [null]
2021-04-18T22:27:07,565|[TRACE] BasicBinder - binding parameter [5] as [BOOLEAN] - [true]
2021-04-18T22:27:07,565|[WARN ] SqlExceptionHelper - SQL Error: 1062, SQLState: 23000
2021-04-18T22:27:07,565|[ERROR] SqlExceptionHelper - Duplicate entry 'JUNIT' for key 'blood_bank.name_UNIQUE'
]]></system-out>
  </testcase>
  <testcase name="testGetBloodDonationsWithRhd" classname="logic.BloodDonationTest" time="19.996">
    <error type="javax.persistence.PersistenceException"><![CDATA[javax.persistence.PersistenceException: org.hibernate.exception.ConstraintViolationException: could not execute statement
	at logic.BloodDonationTest.setUp(BloodDonationTest.java:66)
Caused by: org.hibernate.exception.ConstraintViolationException: could not execute statement
	at logic.BloodDonationTest.setUp(BloodDonationTest.java:66)
Caused by: java.sql.SQLIntegrityConstraintViolationException: Duplicate entry 'JUNIT' for key 'blood_bank.name_UNIQUE'
	at logic.BloodDonationTest.setUp(BloodDonationTest.java:66)
]]></error>
    <system-out><![CDATA[2021-04-18T22:27:07,581|[DEBUG] EMFactory - getting EntityManagerFactory
2021-04-18T22:27:07,581|[DEBUG] EMFactory - initializeing EntityManagerFactory
2021-04-18T22:27:07,586|[DEBUG] SQL - 
    select
        bloodbank0_.bank_id as bank_id1_1_0_,
        bloodbank0_.emplyee_count as emplyee_2_1_0_,
        bloodbank0_.established as establis3_1_0_,
        bloodbank0_.name as name4_1_0_,
        bloodbank0_.owner as owner6_1_0_,
        bloodbank0_.privately_owned as privatel5_1_0_ 
    from
        simplebloodbank.blood_bank bloodbank0_ 
    where
        bloodbank0_.bank_id=?
2021-04-18T22:27:07,586|[TRACE] BasicBinder - binding parameter [1] as [INTEGER] - [1]
2021-04-18T22:27:07,586|[DEBUG] SQL - 
    /* insert entity.BloodBank
        */ insert 
        into
            simplebloodbank.blood_bank
            (emplyee_count, established, name, owner, privately_owned) 
        values
            (?, ?, ?, ?, ?)
2021-04-18T22:27:07,586|[TRACE] BasicBinder - binding parameter [1] as [INTEGER] - [111]
2021-04-18T22:27:07,586|[TRACE] BasicBinder - binding parameter [2] as [TIMESTAMP] - [Sat Nov 11 11:11:11 EST 1111]
2021-04-18T22:27:07,586|[TRACE] BasicBinder - binding parameter [3] as [VARCHAR] - [JUNIT]
2021-04-18T22:27:07,586|[TRACE] BasicBinder - binding parameter [4] as [INTEGER] - [null]
2021-04-18T22:27:07,586|[TRACE] BasicBinder - binding parameter [5] as [BOOLEAN] - [true]
2021-04-18T22:27:27,577|[WARN ] SqlExceptionHelper - SQL Error: 1062, SQLState: 23000
2021-04-18T22:27:27,577|[ERROR] SqlExceptionHelper - Duplicate entry 'JUNIT' for key 'blood_bank.name_UNIQUE'
]]></system-out>
  </testcase>
  <testcase name="testGetColumnCodes" classname="logic.BloodDonationTest" time="5.011">
    <error type="javax.persistence.PersistenceException"><![CDATA[javax.persistence.PersistenceException: org.hibernate.exception.ConstraintViolationException: could not execute statement
	at logic.BloodDonationTest.setUp(BloodDonationTest.java:66)
Caused by: org.hibernate.exception.ConstraintViolationException: could not execute statement
	at logic.BloodDonationTest.setUp(BloodDonationTest.java:66)
Caused by: java.sql.SQLIntegrityConstraintViolationException: Duplicate entry 'JUNIT' for key 'blood_bank.name_UNIQUE'
	at logic.BloodDonationTest.setUp(BloodDonationTest.java:66)
]]></error>
    <system-out><![CDATA[2021-04-18T22:27:27,577|[DEBUG] EMFactory - getting EntityManagerFactory
2021-04-18T22:27:27,577|[DEBUG] EMFactory - initializeing EntityManagerFactory
2021-04-18T22:27:27,595|[DEBUG] SQL - 
    select
        bloodbank0_.bank_id as bank_id1_1_0_,
        bloodbank0_.emplyee_count as emplyee_2_1_0_,
        bloodbank0_.established as establis3_1_0_,
        bloodbank0_.name as name4_1_0_,
        bloodbank0_.owner as owner6_1_0_,
        bloodbank0_.privately_owned as privatel5_1_0_ 
    from
        simplebloodbank.blood_bank bloodbank0_ 
    where
        bloodbank0_.bank_id=?
2021-04-18T22:27:27,595|[TRACE] BasicBinder - binding parameter [1] as [INTEGER] - [1]
2021-04-18T22:27:27,597|[DEBUG] SQL - 
    /* insert entity.BloodBank
        */ insert 
        into
            simplebloodbank.blood_bank
            (emplyee_count, established, name, owner, privately_owned) 
        values
            (?, ?, ?, ?, ?)
2021-04-18T22:27:27,597|[TRACE] BasicBinder - binding parameter [1] as [INTEGER] - [111]
2021-04-18T22:27:27,597|[TRACE] BasicBinder - binding parameter [2] as [TIMESTAMP] - [Sat Nov 11 11:11:11 EST 1111]
2021-04-18T22:27:27,597|[TRACE] BasicBinder - binding parameter [3] as [VARCHAR] - [JUNIT]
2021-04-18T22:27:27,597|[TRACE] BasicBinder - binding parameter [4] as [INTEGER] - [null]
2021-04-18T22:27:27,597|[TRACE] BasicBinder - binding parameter [5] as [BOOLEAN] - [true]
2021-04-18T22:27:32,588|[WARN ] SqlExceptionHelper - SQL Error: 1062, SQLState: 23000
2021-04-18T22:27:32,588|[ERROR] SqlExceptionHelper - Duplicate entry 'JUNIT' for key 'blood_bank.name_UNIQUE'
]]></system-out>
  </testcase>
  <testcase name="testGetColumnNames" classname="logic.BloodDonationTest" time="15.041">
    <error type="javax.persistence.PersistenceException"><![CDATA[javax.persistence.PersistenceException: org.hibernate.exception.ConstraintViolationException: could not execute statement
	at logic.BloodDonationTest.setUp(BloodDonationTest.java:66)
Caused by: org.hibernate.exception.ConstraintViolationException: could not execute statement
	at logic.BloodDonationTest.setUp(BloodDonationTest.java:66)
Caused by: java.sql.SQLIntegrityConstraintViolationException: Duplicate entry 'JUNIT' for key 'blood_bank.name_UNIQUE'
	at logic.BloodDonationTest.setUp(BloodDonationTest.java:66)
]]></error>
    <system-out><![CDATA[2021-04-18T22:27:32,588|[DEBUG] EMFactory - getting EntityManagerFactory
2021-04-18T22:27:32,588|[DEBUG] EMFactory - initializeing EntityManagerFactory
2021-04-18T22:27:32,604|[DEBUG] SQL - 
    select
        bloodbank0_.bank_id as bank_id1_1_0_,
        bloodbank0_.emplyee_count as emplyee_2_1_0_,
        bloodbank0_.established as establis3_1_0_,
        bloodbank0_.name as name4_1_0_,
        bloodbank0_.owner as owner6_1_0_,
        bloodbank0_.privately_owned as privatel5_1_0_ 
    from
        simplebloodbank.blood_bank bloodbank0_ 
    where
        bloodbank0_.bank_id=?
2021-04-18T22:27:32,604|[TRACE] BasicBinder - binding parameter [1] as [INTEGER] - [1]
2021-04-18T22:27:32,604|[DEBUG] SQL - 
    /* insert entity.BloodBank
        */ insert 
        into
            simplebloodbank.blood_bank
            (emplyee_count, established, name, owner, privately_owned) 
        values
            (?, ?, ?, ?, ?)
2021-04-18T22:27:32,604|[TRACE] BasicBinder - binding parameter [1] as [INTEGER] - [111]
2021-04-18T22:27:32,604|[TRACE] BasicBinder - binding parameter [2] as [TIMESTAMP] - [Sat Nov 11 11:11:11 EST 1111]
2021-04-18T22:27:32,604|[TRACE] BasicBinder - binding parameter [3] as [VARCHAR] - [JUNIT]
2021-04-18T22:27:32,604|[TRACE] BasicBinder - binding parameter [4] as [INTEGER] - [null]
2021-04-18T22:27:32,604|[TRACE] BasicBinder - binding parameter [5] as [BOOLEAN] - [true]
2021-04-18T22:27:47,628|[WARN ] SqlExceptionHelper - SQL Error: 1062, SQLState: 23000
2021-04-18T22:27:47,628|[ERROR] SqlExceptionHelper - Duplicate entry 'JUNIT' for key 'blood_bank.name_UNIQUE'
]]></system-out>
  </testcase>
  <testcase name="testGetBloodDonationWithCreated" classname="logic.BloodDonationTest" time="4.995">
    <error type="javax.persistence.PersistenceException"><![CDATA[javax.persistence.PersistenceException: org.hibernate.exception.ConstraintViolationException: could not execute statement
	at logic.BloodDonationTest.setUp(BloodDonationTest.java:66)
Caused by: org.hibernate.exception.ConstraintViolationException: could not execute statement
	at logic.BloodDonationTest.setUp(BloodDonationTest.java:66)
Caused by: java.sql.SQLIntegrityConstraintViolationException: Duplicate entry 'JUNIT' for key 'blood_bank.name_UNIQUE'
	at logic.BloodDonationTest.setUp(BloodDonationTest.java:66)
]]></error>
    <system-out><![CDATA[2021-04-18T22:27:47,633|[DEBUG] EMFactory - getting EntityManagerFactory
2021-04-18T22:27:47,633|[DEBUG] EMFactory - initializeing EntityManagerFactory
2021-04-18T22:27:47,646|[DEBUG] SQL - 
    select
        bloodbank0_.bank_id as bank_id1_1_0_,
        bloodbank0_.emplyee_count as emplyee_2_1_0_,
        bloodbank0_.established as establis3_1_0_,
        bloodbank0_.name as name4_1_0_,
        bloodbank0_.owner as owner6_1_0_,
        bloodbank0_.privately_owned as privatel5_1_0_ 
    from
        simplebloodbank.blood_bank bloodbank0_ 
    where
        bloodbank0_.bank_id=?
2021-04-18T22:27:47,646|[TRACE] BasicBinder - binding parameter [1] as [INTEGER] - [1]
2021-04-18T22:27:47,647|[DEBUG] SQL - 
    /* insert entity.BloodBank
        */ insert 
        into
            simplebloodbank.blood_bank
            (emplyee_count, established, name, owner, privately_owned) 
        values
            (?, ?, ?, ?, ?)
2021-04-18T22:27:47,647|[TRACE] BasicBinder - binding parameter [1] as [INTEGER] - [111]
2021-04-18T22:27:47,647|[TRACE] BasicBinder - binding parameter [2] as [TIMESTAMP] - [Sat Nov 11 11:11:11 EST 1111]
2021-04-18T22:27:47,647|[TRACE] BasicBinder - binding parameter [3] as [VARCHAR] - [JUNIT]
2021-04-18T22:27:47,647|[TRACE] BasicBinder - binding parameter [4] as [INTEGER] - [null]
2021-04-18T22:27:47,647|[TRACE] BasicBinder - binding parameter [5] as [BOOLEAN] - [true]
2021-04-18T22:27:52,626|[WARN ] SqlExceptionHelper - SQL Error: 1062, SQLState: 23000
2021-04-18T22:27:52,626|[ERROR] SqlExceptionHelper - Duplicate entry 'JUNIT' for key 'blood_bank.name_UNIQUE'
]]></system-out>
  </testcase>
  <testcase name="testGetWithId" classname="logic.BloodDonationTest" time="15.022">
    <error type="javax.persistence.PersistenceException"><![CDATA[javax.persistence.PersistenceException: org.hibernate.exception.ConstraintViolationException: could not execute statement
	at logic.BloodDonationTest.setUp(BloodDonationTest.java:66)
Caused by: org.hibernate.exception.ConstraintViolationException: could not execute statement
	at logic.BloodDonationTest.setUp(BloodDonationTest.java:66)
Caused by: java.sql.SQLIntegrityConstraintViolationException: Duplicate entry 'JUNIT' for key 'blood_bank.name_UNIQUE'
	at logic.BloodDonationTest.setUp(BloodDonationTest.java:66)
]]></error>
    <system-out><![CDATA[2021-04-18T22:27:52,632|[DEBUG] EMFactory - getting EntityManagerFactory
2021-04-18T22:27:52,632|[DEBUG] EMFactory - initializeing EntityManagerFactory
2021-04-18T22:27:52,645|[DEBUG] SQL - 
    select
        bloodbank0_.bank_id as bank_id1_1_0_,
        bloodbank0_.emplyee_count as emplyee_2_1_0_,
        bloodbank0_.established as establis3_1_0_,
        bloodbank0_.name as name4_1_0_,
        bloodbank0_.owner as owner6_1_0_,
        bloodbank0_.privately_owned as privatel5_1_0_ 
    from
        simplebloodbank.blood_bank bloodbank0_ 
    where
        bloodbank0_.bank_id=?
2021-04-18T22:27:52,645|[TRACE] BasicBinder - binding parameter [1] as [INTEGER] - [1]
2021-04-18T22:27:52,646|[DEBUG] SQL - 
    /* insert entity.BloodBank
        */ insert 
        into
            simplebloodbank.blood_bank
            (emplyee_count, established, name, owner, privately_owned) 
        values
            (?, ?, ?, ?, ?)
2021-04-18T22:27:52,646|[TRACE] BasicBinder - binding parameter [1] as [INTEGER] - [111]
2021-04-18T22:27:52,646|[TRACE] BasicBinder - binding parameter [2] as [TIMESTAMP] - [Sat Nov 11 11:11:11 EST 1111]
2021-04-18T22:27:52,646|[TRACE] BasicBinder - binding parameter [3] as [VARCHAR] - [JUNIT]
2021-04-18T22:27:52,646|[TRACE] BasicBinder - binding parameter [4] as [INTEGER] - [null]
2021-04-18T22:27:52,646|[TRACE] BasicBinder - binding parameter [5] as [BOOLEAN] - [true]
2021-04-18T22:28:07,652|[WARN ] SqlExceptionHelper - SQL Error: 1062, SQLState: 23000
2021-04-18T22:28:07,654|[ERROR] SqlExceptionHelper - Duplicate entry 'JUNIT' for key 'blood_bank.name_UNIQUE'
]]></system-out>
  </testcase>
  <testcase name="testCreateEntityBadValues" classname="logic.BloodDonationTest" time="4.999">
    <error type="javax.persistence.PersistenceException"><![CDATA[javax.persistence.PersistenceException: org.hibernate.exception.ConstraintViolationException: could not execute statement
	at logic.BloodDonationTest.setUp(BloodDonationTest.java:66)
Caused by: org.hibernate.exception.ConstraintViolationException: could not execute statement
	at logic.BloodDonationTest.setUp(BloodDonationTest.java:66)
Caused by: java.sql.SQLIntegrityConstraintViolationException: Duplicate entry 'JUNIT' for key 'blood_bank.name_UNIQUE'
	at logic.BloodDonationTest.setUp(BloodDonationTest.java:66)
]]></error>
    <system-out><![CDATA[2021-04-18T22:28:07,660|[DEBUG] EMFactory - getting EntityManagerFactory
2021-04-18T22:28:07,660|[DEBUG] EMFactory - initializeing EntityManagerFactory
2021-04-18T22:28:07,672|[DEBUG] SQL - 
    select
        bloodbank0_.bank_id as bank_id1_1_0_,
        bloodbank0_.emplyee_count as emplyee_2_1_0_,
        bloodbank0_.established as establis3_1_0_,
        bloodbank0_.name as name4_1_0_,
        bloodbank0_.owner as owner6_1_0_,
        bloodbank0_.privately_owned as privatel5_1_0_ 
    from
        simplebloodbank.blood_bank bloodbank0_ 
    where
        bloodbank0_.bank_id=?
2021-04-18T22:28:07,673|[TRACE] BasicBinder - binding parameter [1] as [INTEGER] - [1]
2021-04-18T22:28:07,673|[DEBUG] SQL - 
    /* insert entity.BloodBank
        */ insert 
        into
            simplebloodbank.blood_bank
            (emplyee_count, established, name, owner, privately_owned) 
        values
            (?, ?, ?, ?, ?)
2021-04-18T22:28:07,673|[TRACE] BasicBinder - binding parameter [1] as [INTEGER] - [111]
2021-04-18T22:28:07,673|[TRACE] BasicBinder - binding parameter [2] as [TIMESTAMP] - [Sat Nov 11 11:11:11 EST 1111]
2021-04-18T22:28:07,673|[TRACE] BasicBinder - binding parameter [3] as [VARCHAR] - [JUNIT]
2021-04-18T22:28:07,673|[TRACE] BasicBinder - binding parameter [4] as [INTEGER] - [null]
2021-04-18T22:28:07,674|[TRACE] BasicBinder - binding parameter [5] as [BOOLEAN] - [true]
2021-04-18T22:28:12,657|[WARN ] SqlExceptionHelper - SQL Error: 1062, SQLState: 23000
2021-04-18T22:28:12,657|[ERROR] SqlExceptionHelper - Duplicate entry 'JUNIT' for key 'blood_bank.name_UNIQUE'
]]></system-out>
  </testcase>
</testsuite>