<?xml version="1.0" encoding="UTF-8"?>
<testsuite xmlns:xsi="http://www.w3.org/2001/XMLSchema-instance" xsi:noNamespaceSchemaLocation="https://maven.apache.org/surefire/maven-surefire-plugin/xsd/surefire-test-report-3.0.xsd" version="3.0" name="logic.DonationRecordLogicTest" time="0.172" tests="14" errors="14" skipped="0" failures="0">
  <properties>
    <property name="sun.desktop" value="windows"/>
    <property name="awt.toolkit" value="sun.awt.windows.WToolkit"/>
    <property name="java.specification.version" value="11"/>
    <property name="sun.cpu.isalist" value="amd64"/>
    <property name="sun.jnu.encoding" value="Cp1252"/>
    <property name="java.class.path" value="C:\Users\karka\Desktop\Algonquin\Algonquin\Term 3\Java3\Assignment2\SimpleBloodBank-Skeleton\SimpleBloodBank-Skeleton\target\test-classes;C:\Users\karka\Desktop\Algonquin\Algonquin\Term 3\Java3\Assignment2\SimpleBloodBank-Skeleton\SimpleBloodBank-Skeleton\target\classes;C:\Users\karka\.m2\repository\org\junit\jupiter\junit-jupiter\5.7.0\junit-jupiter-5.7.0.jar;C:\Users\karka\.m2\repository\org\junit\jupiter\junit-jupiter-api\5.7.0\junit-jupiter-api-5.7.0.jar;C:\Users\karka\.m2\repository\org\apiguardian\apiguardian-api\1.1.0\apiguardian-api-1.1.0.jar;C:\Users\karka\.m2\repository\org\opentest4j\opentest4j\1.2.0\opentest4j-1.2.0.jar;C:\Users\karka\.m2\repository\org\junit\platform\junit-platform-commons\1.7.0\junit-platform-commons-1.7.0.jar;C:\Users\karka\.m2\repository\org\junit\jupiter\junit-jupiter-params\5.7.0\junit-jupiter-params-5.7.0.jar;C:\Users\karka\.m2\repository\org\junit\jupiter\junit-jupiter-engine\5.7.0\junit-jupiter-engine-5.7.0.jar;C:\Users\karka\.m2\repository\org\junit\platform\junit-platform-engine\1.7.0\junit-platform-engine-1.7.0.jar;C:\Users\karka\.m2\repository\org\hamcrest\hamcrest\2.2\hamcrest-2.2.jar;C:\Users\karka\.m2\repository\org\hamcrest\hamcrest-library\2.2\hamcrest-library-2.2.jar;C:\Users\karka\.m2\repository\org\hamcrest\hamcrest-core\2.2\hamcrest-core-2.2.jar;C:\Users\karka\.m2\repository\org\apache\logging\log4j\log4j-api\2.14.0\log4j-api-2.14.0.jar;C:\Users\karka\.m2\repository\org\apache\logging\log4j\log4j-core\2.14.0\log4j-core-2.14.0.jar;C:\Users\karka\.m2\repository\org\hibernate\hibernate-core\5.4.27.Final\hibernate-core-5.4.27.Final.jar;C:\Users\karka\.m2\repository\org\jboss\logging\jboss-logging\3.4.1.Final\jboss-logging-3.4.1.Final.jar;C:\Users\karka\.m2\repository\javax\persistence\javax.persistence-api\2.2\javax.persistence-api-2.2.jar;C:\Users\karka\.m2\repository\org\javassist\javassist\3.27.0-GA\javassist-3.27.0-GA.jar;C:\Users\karka\.m2\repository\net\bytebuddy\byte-buddy\1.10.17\byte-buddy-1.10.17.jar;C:\Users\karka\.m2\repository\antlr\antlr\2.7.7\antlr-2.7.7.jar;C:\Users\karka\.m2\repository\org\jboss\spec\javax\transaction\jboss-transaction-api_1.2_spec\1.1.1.Final\jboss-transaction-api_1.2_spec-1.1.1.Final.jar;C:\Users\karka\.m2\repository\org\jboss\jandex\2.1.3.Final\jandex-2.1.3.Final.jar;C:\Users\karka\.m2\repository\com\fasterxml\classmate\1.5.1\classmate-1.5.1.jar;C:\Users\karka\.m2\repository\javax\activation\javax.activation-api\1.2.0\javax.activation-api-1.2.0.jar;C:\Users\karka\.m2\repository\org\dom4j\dom4j\2.1.3\dom4j-2.1.3.jar;C:\Users\karka\.m2\repository\org\hibernate\common\hibernate-commons-annotations\5.1.2.Final\hibernate-commons-annotations-5.1.2.Final.jar;C:\Users\karka\.m2\repository\javax\xml\bind\jaxb-api\2.3.1\jaxb-api-2.3.1.jar;C:\Users\karka\.m2\repository\org\glassfish\jaxb\jaxb-runtime\2.3.1\jaxb-runtime-2.3.1.jar;C:\Users\karka\.m2\repository\org\glassfish\jaxb\txw2\2.3.1\txw2-2.3.1.jar;C:\Users\karka\.m2\repository\com\sun\istack\istack-commons-runtime\3.0.7\istack-commons-runtime-3.0.7.jar;C:\Users\karka\.m2\repository\org\jvnet\staxex\stax-ex\1.8\stax-ex-1.8.jar;C:\Users\karka\.m2\repository\com\sun\xml\fastinfoset\FastInfoset\1.2.15\FastInfoset-1.2.15.jar;C:\Users\karka\.m2\repository\org\apache\tomcat\embed\tomcat-embed-core\9.0.44\tomcat-embed-core-9.0.44.jar;C:\Users\karka\.m2\repository\org\apache\tomcat\tomcat-annotations-api\9.0.44\tomcat-annotations-api-9.0.44.jar;C:\Users\karka\.m2\repository\org\apache\tomcat\embed\tomcat-embed-jasper\9.0.44\tomcat-embed-jasper-9.0.44.jar;C:\Users\karka\.m2\repository\org\apache\tomcat\embed\tomcat-embed-el\9.0.44\tomcat-embed-el-9.0.44.jar;C:\Users\karka\.m2\repository\org\eclipse\jdt\ecj\3.18.0\ecj-3.18.0.jar;C:\Users\karka\.m2\repository\org\apache\tomcat\tomcat-jdbc\9.0.44\tomcat-jdbc-9.0.44.jar;C:\Users\karka\.m2\repository\org\apache\tomcat\tomcat-juli\9.0.44\tomcat-juli-9.0.44.jar;C:\Users\karka\.m2\repository\jakarta\platform\jakarta.jakartaee-api\8.0.0\jakarta.jakartaee-api-8.0.0.jar;C:\Users\karka\.m2\repository\org\glassfish\web\jakarta.servlet.jsp.jstl\1.2.6\jakarta.servlet.jsp.jstl-1.2.6.jar;C:\Users\karka\.m2\repository\jakarta\servlet\jsp\jstl\jakarta.servlet.jsp.jstl-api\1.2.4\jakarta.servlet.jsp.jstl-api-1.2.4.jar;C:\Users\karka\.m2\repository\jakarta\servlet\jakarta.servlet-api\4.0.2\jakarta.servlet-api-4.0.2.jar;C:\Users\karka\.m2\repository\jakarta\el\jakarta.el-api\3.0.2\jakarta.el-api-3.0.2.jar;C:\Users\karka\.m2\repository\mysql\mysql-connector-java\8.0.23\mysql-connector-java-8.0.23.jar;C:\Users\karka\.m2\repository\com\google\protobuf\protobuf-java\3.11.4\protobuf-java-3.11.4.jar;"/>
    <property name="java.vm.vendor" value="AdoptOpenJDK"/>
    <property name="sun.arch.data.model" value="64"/>
    <property name="user.variant" value=""/>
    <property name="catalina.useNaming" value="true"/>
    <property name="java.vendor.url" value="https://adoptopenjdk.net/"/>
    <property name="user.timezone" value="America/New_York"/>
    <property name="java.vm.specification.version" value="11"/>
    <property name="os.name" value="Windows 10"/>
    <property name="user.country" value="CA"/>
    <property name="sun.java.launcher" value="SUN_STANDARD"/>
    <property name="sun.boot.library.path" value="C:\Program Files\AdoptOpenJDK\jdk-11.0.9.101-hotspot\bin"/>
    <property name="sun.java.command" value="C:\Users\karka\AppData\Local\Temp\surefire4539587198190654757\surefirebooter15458632581347954610.jar C:\Users\karka\AppData\Local\Temp\surefire4539587198190654757 2021-04-18T22-25-54_650-jvmRun1 surefire7710571005288213396tmp surefire_04776479287551506271tmp"/>
    <property name="jdk.debug" value="release"/>
    <property name="surefire.test.class.path" value="C:\Users\karka\Desktop\Algonquin\Algonquin\Term 3\Java3\Assignment2\SimpleBloodBank-Skeleton\SimpleBloodBank-Skeleton\target\test-classes;C:\Users\karka\Desktop\Algonquin\Algonquin\Term 3\Java3\Assignment2\SimpleBloodBank-Skeleton\SimpleBloodBank-Skeleton\target\classes;C:\Users\karka\.m2\repository\org\junit\jupiter\junit-jupiter\5.7.0\junit-jupiter-5.7.0.jar;C:\Users\karka\.m2\repository\org\junit\jupiter\junit-jupiter-api\5.7.0\junit-jupiter-api-5.7.0.jar;C:\Users\karka\.m2\repository\org\apiguardian\apiguardian-api\1.1.0\apiguardian-api-1.1.0.jar;C:\Users\karka\.m2\repository\org\opentest4j\opentest4j\1.2.0\opentest4j-1.2.0.jar;C:\Users\karka\.m2\repository\org\junit\platform\junit-platform-commons\1.7.0\junit-platform-commons-1.7.0.jar;C:\Users\karka\.m2\repository\org\junit\jupiter\junit-jupiter-params\5.7.0\junit-jupiter-params-5.7.0.jar;C:\Users\karka\.m2\repository\org\junit\jupiter\junit-jupiter-engine\5.7.0\junit-jupiter-engine-5.7.0.jar;C:\Users\karka\.m2\repository\org\junit\platform\junit-platform-engine\1.7.0\junit-platform-engine-1.7.0.jar;C:\Users\karka\.m2\repository\org\hamcrest\hamcrest\2.2\hamcrest-2.2.jar;C:\Users\karka\.m2\repository\org\hamcrest\hamcrest-library\2.2\hamcrest-library-2.2.jar;C:\Users\karka\.m2\repository\org\hamcrest\hamcrest-core\2.2\hamcrest-core-2.2.jar;C:\Users\karka\.m2\repository\org\apache\logging\log4j\log4j-api\2.14.0\log4j-api-2.14.0.jar;C:\Users\karka\.m2\repository\org\apache\logging\log4j\log4j-core\2.14.0\log4j-core-2.14.0.jar;C:\Users\karka\.m2\repository\org\hibernate\hibernate-core\5.4.27.Final\hibernate-core-5.4.27.Final.jar;C:\Users\karka\.m2\repository\org\jboss\logging\jboss-logging\3.4.1.Final\jboss-logging-3.4.1.Final.jar;C:\Users\karka\.m2\repository\javax\persistence\javax.persistence-api\2.2\javax.persistence-api-2.2.jar;C:\Users\karka\.m2\repository\org\javassist\javassist\3.27.0-GA\javassist-3.27.0-GA.jar;C:\Users\karka\.m2\repository\net\bytebuddy\byte-buddy\1.10.17\byte-buddy-1.10.17.jar;C:\Users\karka\.m2\repository\antlr\antlr\2.7.7\antlr-2.7.7.jar;C:\Users\karka\.m2\repository\org\jboss\spec\javax\transaction\jboss-transaction-api_1.2_spec\1.1.1.Final\jboss-transaction-api_1.2_spec-1.1.1.Final.jar;C:\Users\karka\.m2\repository\org\jboss\jandex\2.1.3.Final\jandex-2.1.3.Final.jar;C:\Users\karka\.m2\repository\com\fasterxml\classmate\1.5.1\classmate-1.5.1.jar;C:\Users\karka\.m2\repository\javax\activation\javax.activation-api\1.2.0\javax.activation-api-1.2.0.jar;C:\Users\karka\.m2\repository\org\dom4j\dom4j\2.1.3\dom4j-2.1.3.jar;C:\Users\karka\.m2\repository\org\hibernate\common\hibernate-commons-annotations\5.1.2.Final\hibernate-commons-annotations-5.1.2.Final.jar;C:\Users\karka\.m2\repository\javax\xml\bind\jaxb-api\2.3.1\jaxb-api-2.3.1.jar;C:\Users\karka\.m2\repository\org\glassfish\jaxb\jaxb-runtime\2.3.1\jaxb-runtime-2.3.1.jar;C:\Users\karka\.m2\repository\org\glassfish\jaxb\txw2\2.3.1\txw2-2.3.1.jar;C:\Users\karka\.m2\repository\com\sun\istack\istack-commons-runtime\3.0.7\istack-commons-runtime-3.0.7.jar;C:\Users\karka\.m2\repository\org\jvnet\staxex\stax-ex\1.8\stax-ex-1.8.jar;C:\Users\karka\.m2\repository\com\sun\xml\fastinfoset\FastInfoset\1.2.15\FastInfoset-1.2.15.jar;C:\Users\karka\.m2\repository\org\apache\tomcat\embed\tomcat-embed-core\9.0.44\tomcat-embed-core-9.0.44.jar;C:\Users\karka\.m2\repository\org\apache\tomcat\tomcat-annotations-api\9.0.44\tomcat-annotations-api-9.0.44.jar;C:\Users\karka\.m2\repository\org\apache\tomcat\embed\tomcat-embed-jasper\9.0.44\tomcat-embed-jasper-9.0.44.jar;C:\Users\karka\.m2\repository\org\apache\tomcat\embed\tomcat-embed-el\9.0.44\tomcat-embed-el-9.0.44.jar;C:\Users\karka\.m2\repository\org\eclipse\jdt\ecj\3.18.0\ecj-3.18.0.jar;C:\Users\karka\.m2\repository\org\apache\tomcat\tomcat-jdbc\9.0.44\tomcat-jdbc-9.0.44.jar;C:\Users\karka\.m2\repository\org\apache\tomcat\tomcat-juli\9.0.44\tomcat-juli-9.0.44.jar;C:\Users\karka\.m2\repository\jakarta\platform\jakarta.jakartaee-api\8.0.0\jakarta.jakartaee-api-8.0.0.jar;C:\Users\karka\.m2\repository\org\glassfish\web\jakarta.servlet.jsp.jstl\1.2.6\jakarta.servlet.jsp.jstl-1.2.6.jar;C:\Users\karka\.m2\repository\jakarta\servlet\jsp\jstl\jakarta.servlet.jsp.jstl-api\1.2.4\jakarta.servlet.jsp.jstl-api-1.2.4.jar;C:\Users\karka\.m2\repository\jakarta\servlet\jakarta.servlet-api\4.0.2\jakarta.servlet-api-4.0.2.jar;C:\Users\karka\.m2\repository\jakarta\el\jakarta.el-api\3.0.2\jakarta.el-api-3.0.2.jar;C:\Users\karka\.m2\repository\mysql\mysql-connector-java\8.0.23\mysql-connector-java-8.0.23.jar;C:\Users\karka\.m2\repository\com\google\protobuf\protobuf-java\3.11.4\protobuf-java-3.11.4.jar;"/>
    <property name="sun.cpu.endian" value="little"/>
    <property name="user.home" value="C:\Users\karka"/>
    <property name="user.language" value="en"/>
    <property name="java.specification.vendor" value="Oracle Corporation"/>
    <property name="java.naming.factory.url.pkgs" value="org.apache.naming"/>
    <property name="java.version.date" value="2020-11-04"/>
    <property name="java.home" value="C:\Program Files\AdoptOpenJDK\jdk-11.0.9.101-hotspot"/>
    <property name="file.separator" value="\"/>
    <property name="basedir" value="C:\Users\karka\Desktop\Algonquin\Algonquin\Term 3\Java3\Assignment2\SimpleBloodBank-Skeleton\SimpleBloodBank-Skeleton"/>
    <property name="java.vm.compressedOopsMode" value="32-bit"/>
    <property name="line.separator" value="&#10;"/>
    <property name="java.specification.name" value="Java Platform API Specification"/>
    <property name="java.vm.specification.vendor" value="Oracle Corporation"/>
    <property name="java.awt.graphicsenv" value="sun.awt.Win32GraphicsEnvironment"/>
    <property name="surefire.real.class.path" value="C:\Users\karka\AppData\Local\Temp\surefire4539587198190654757\surefirebooter15458632581347954610.jar"/>
    <property name="user.script" value=""/>
    <property name="sun.management.compiler" value="HotSpot 64-Bit Tiered Compilers"/>
    <property name="java.runtime.version" value="11.0.9.1+1"/>
    <property name="java.naming.factory.initial" value="org.apache.naming.java.javaURLContextFactory"/>
    <property name="user.name" value="karka"/>
    <property name="path.separator" value=";"/>
    <property name="os.version" value="10.0"/>
    <property name="java.runtime.name" value="OpenJDK Runtime Environment"/>
    <property name="file.encoding" value="UTF-8"/>
    <property name="java.vm.name" value="OpenJDK 64-Bit Server VM"/>
    <property name="java.vendor.version" value="AdoptOpenJDK"/>
    <property name="maven.ext.class.path" value="C:\Program Files\NetBeans-12.0\netbeans\java\maven-nblib\netbeans-eventspy.jar"/>
    <property name="localRepository" value="C:\Users\karka\.m2\repository"/>
    <property name="java.vendor.url.bug" value="https://github.com/AdoptOpenJDK/openjdk-support/issues"/>
    <property name="java.io.tmpdir" value="C:\Users\karka\AppData\Local\Temp\"/>
    <property name="catalina.home" value="C:\Users\karka\Desktop\Algonquin\Algonquin\Term 3\Java3\Assignment2\SimpleBloodBank-Skeleton\SimpleBloodBank-Skeleton\tomcat.8080"/>
    <property name="java.version" value="11.0.9.1"/>
    <property name="user.dir" value="C:\Users\karka\Desktop\Algonquin\Algonquin\Term 3\Java3\Assignment2\SimpleBloodBank-Skeleton\SimpleBloodBank-Skeleton"/>
    <property name="os.arch" value="amd64"/>
    <property name="java.vm.specification.name" value="Java Virtual Machine Specification"/>
    <property name="java.awt.printerjob" value="sun.awt.windows.WPrinterJob"/>
    <property name="sun.os.patch.level" value=""/>
    <property name="catalina.base" value="C:\Users\karka\Desktop\Algonquin\Algonquin\Term 3\Java3\Assignment2\SimpleBloodBank-Skeleton\SimpleBloodBank-Skeleton\tomcat.8080"/>
    <property name="java.library.path" value="C:\Program Files\AdoptOpenJDK\jdk-11.0.9.101-hotspot\bin;C:\WINDOWS\Sun\Java\bin;C:\WINDOWS\system32;C:\WINDOWS;C:\Program Files\Python39\Scripts\;C:\Program Files\Python39\;C:\Program Files\AdoptOpenJDK\jdk-11.0.9.101-hotspot\bin;C:\Windows\system32;C:\Windows;C:\Windows\System32\Wbem;C:\Windows\System32\WindowsPowerShell\v1.0\;C:\Windows\System32\OpenSSH\;C:\Program Files (x86)\NVIDIA Corporation\PhysX\Common;C:\Program Files\NVIDIA Corporation\NVIDIA NvDLISR;C:\Program Files (x86)\Yarn\bin\;&quot;;C:\Program Files\AdoptOpenJDK\jdk-11.0.8.10-hotspot\\bin;;C:\WINDOWS\system32;C:\WINDOWS;C:\WINDOWS\System32\Wbem;C:\WINDOWS\System32\WindowsPowerShell\v1.0\;C:\WINDOWS\System32\OpenSSH\;C:\Users\karka\AppData\Local\Microsoft\WindowsApps;;C:\Users\karka\AppData\Local\Programs\Microsoft VS Code\bin;C:\Users\karka\AppData\Local\Yarn\bin;."/>
    <property name="java.vm.info" value="mixed mode"/>
    <property name="java.vendor" value="AdoptOpenJDK"/>
    <property name="java.vm.version" value="11.0.9.1+1"/>
    <property name="sun.io.unicode.encoding" value="UnicodeLittle"/>
    <property name="java.class.version" value="55.0"/>
  </properties>
  <testcase name="testCreateEntity" classname="logic.DonationRecordLogicTest" time="0.021">
    <error type="javax.persistence.PersistenceException"><![CDATA[javax.persistence.PersistenceException: org.hibernate.PropertyValueException: not-null property references a null or transient value : entity.DonationRecord.administrator
	at logic.DonationRecordLogicTest.setUp(DonationRecordLogicTest.java:83)
Caused by: org.hibernate.PropertyValueException: not-null property references a null or transient value : entity.DonationRecord.administrator
	at logic.DonationRecordLogicTest.setUp(DonationRecordLogicTest.java:83)
]]></error>
    <system-out><![CDATA[2021-04-18T22:28:12,669|[DEBUG] EMFactory - getting EntityManagerFactory
2021-04-18T22:28:12,669|[DEBUG] EMFactory - initializeing EntityManagerFactory
2021-04-18T22:28:12,681|[DEBUG] SQL - 
    /* load entity.DonationRecord */ select
        donationre0_.record_id as record_i1_3_0_,
        donationre0_.administrator as administ2_3_0_,
        donationre0_.donation_id as donation6_3_0_,
        donationre0_.created as created3_3_0_,
        donationre0_.hospital as hospital4_3_0_,
        donationre0_.person_id as person_i7_3_0_,
        donationre0_.tested as tested5_3_0_ 
    from
        simplebloodbank.donation_record donationre0_ 
    where
        donationre0_.record_id=?
2021-04-18T22:28:12,681|[TRACE] BasicBinder - binding parameter [1] as [INTEGER] - [0]
]]></system-out>
  </testcase>
  <testcase name="testCreateEntityNullAndEmptyValues" classname="logic.DonationRecordLogicTest" time="0.01">
    <error type="javax.persistence.PersistenceException"><![CDATA[javax.persistence.PersistenceException: org.hibernate.PropertyValueException: not-null property references a null or transient value : entity.DonationRecord.administrator
	at logic.DonationRecordLogicTest.setUp(DonationRecordLogicTest.java:83)
Caused by: org.hibernate.PropertyValueException: not-null property references a null or transient value : entity.DonationRecord.administrator
	at logic.DonationRecordLogicTest.setUp(DonationRecordLogicTest.java:83)
]]></error>
    <system-out><![CDATA[2021-04-18T22:28:12,690|[DEBUG] EMFactory - getting EntityManagerFactory
2021-04-18T22:28:12,690|[DEBUG] EMFactory - initializeing EntityManagerFactory
2021-04-18T22:28:12,699|[DEBUG] SQL - 
    /* load entity.DonationRecord */ select
        donationre0_.record_id as record_i1_3_0_,
        donationre0_.administrator as administ2_3_0_,
        donationre0_.donation_id as donation6_3_0_,
        donationre0_.created as created3_3_0_,
        donationre0_.hospital as hospital4_3_0_,
        donationre0_.person_id as person_i7_3_0_,
        donationre0_.tested as tested5_3_0_ 
    from
        simplebloodbank.donation_record donationre0_ 
    where
        donationre0_.record_id=?
2021-04-18T22:28:12,700|[TRACE] BasicBinder - binding parameter [1] as [INTEGER] - [0]
]]></system-out>
  </testcase>
  <testcase name="testExtractDataAsList" classname="logic.DonationRecordLogicTest" time="0.011">
    <error type="javax.persistence.PersistenceException"><![CDATA[javax.persistence.PersistenceException: org.hibernate.PropertyValueException: not-null property references a null or transient value : entity.DonationRecord.administrator
	at logic.DonationRecordLogicTest.setUp(DonationRecordLogicTest.java:83)
Caused by: org.hibernate.PropertyValueException: not-null property references a null or transient value : entity.DonationRecord.administrator
	at logic.DonationRecordLogicTest.setUp(DonationRecordLogicTest.java:83)
]]></error>
    <system-out><![CDATA[2021-04-18T22:28:12,701|[DEBUG] EMFactory - getting EntityManagerFactory
2021-04-18T22:28:12,701|[DEBUG] EMFactory - initializeing EntityManagerFactory
2021-04-18T22:28:12,711|[DEBUG] SQL - 
    /* load entity.DonationRecord */ select
        donationre0_.record_id as record_i1_3_0_,
        donationre0_.administrator as administ2_3_0_,
        donationre0_.donation_id as donation6_3_0_,
        donationre0_.created as created3_3_0_,
        donationre0_.hospital as hospital4_3_0_,
        donationre0_.person_id as person_i7_3_0_,
        donationre0_.tested as tested5_3_0_ 
    from
        simplebloodbank.donation_record donationre0_ 
    where
        donationre0_.record_id=?
2021-04-18T22:28:12,711|[TRACE] BasicBinder - binding parameter [1] as [INTEGER] - [0]
]]></system-out>
  </testcase>
  <testcase name="testCreateEntityAndAdd" classname="logic.DonationRecordLogicTest" time="0.011">
    <error type="javax.persistence.PersistenceException"><![CDATA[javax.persistence.PersistenceException: org.hibernate.PropertyValueException: not-null property references a null or transient value : entity.DonationRecord.administrator
	at logic.DonationRecordLogicTest.setUp(DonationRecordLogicTest.java:83)
Caused by: org.hibernate.PropertyValueException: not-null property references a null or transient value : entity.DonationRecord.administrator
	at logic.DonationRecordLogicTest.setUp(DonationRecordLogicTest.java:83)
]]></error>
    <system-out><![CDATA[2021-04-18T22:28:12,713|[DEBUG] EMFactory - getting EntityManagerFactory
2021-04-18T22:28:12,713|[DEBUG] EMFactory - initializeing EntityManagerFactory
2021-04-18T22:28:12,723|[DEBUG] SQL - 
    /* load entity.DonationRecord */ select
        donationre0_.record_id as record_i1_3_0_,
        donationre0_.administrator as administ2_3_0_,
        donationre0_.donation_id as donation6_3_0_,
        donationre0_.created as created3_3_0_,
        donationre0_.hospital as hospital4_3_0_,
        donationre0_.person_id as person_i7_3_0_,
        donationre0_.tested as tested5_3_0_ 
    from
        simplebloodbank.donation_record donationre0_ 
    where
        donationre0_.record_id=?
2021-04-18T22:28:12,723|[TRACE] BasicBinder - binding parameter [1] as [INTEGER] - [0]
]]></system-out>
  </testcase>
  <testcase name="testGetDonationRecordWithAdministrator" classname="logic.DonationRecordLogicTest" time="0.012">
    <error type="javax.persistence.PersistenceException"><![CDATA[javax.persistence.PersistenceException: org.hibernate.PropertyValueException: not-null property references a null or transient value : entity.DonationRecord.administrator
	at logic.DonationRecordLogicTest.setUp(DonationRecordLogicTest.java:83)
Caused by: org.hibernate.PropertyValueException: not-null property references a null or transient value : entity.DonationRecord.administrator
	at logic.DonationRecordLogicTest.setUp(DonationRecordLogicTest.java:83)
]]></error>
    <system-out><![CDATA[2021-04-18T22:28:12,724|[DEBUG] EMFactory - getting EntityManagerFactory
2021-04-18T22:28:12,724|[DEBUG] EMFactory - initializeing EntityManagerFactory
2021-04-18T22:28:12,734|[DEBUG] SQL - 
    /* load entity.DonationRecord */ select
        donationre0_.record_id as record_i1_3_0_,
        donationre0_.administrator as administ2_3_0_,
        donationre0_.donation_id as donation6_3_0_,
        donationre0_.created as created3_3_0_,
        donationre0_.hospital as hospital4_3_0_,
        donationre0_.person_id as person_i7_3_0_,
        donationre0_.tested as tested5_3_0_ 
    from
        simplebloodbank.donation_record donationre0_ 
    where
        donationre0_.record_id=?
2021-04-18T22:28:12,735|[TRACE] BasicBinder - binding parameter [1] as [INTEGER] - [0]
]]></system-out>
  </testcase>
  <testcase name="testCreateEntityBadLengthValues" classname="logic.DonationRecordLogicTest" time="0.012">
    <error type="javax.persistence.PersistenceException"><![CDATA[javax.persistence.PersistenceException: org.hibernate.PropertyValueException: not-null property references a null or transient value : entity.DonationRecord.administrator
	at logic.DonationRecordLogicTest.setUp(DonationRecordLogicTest.java:83)
Caused by: org.hibernate.PropertyValueException: not-null property references a null or transient value : entity.DonationRecord.administrator
	at logic.DonationRecordLogicTest.setUp(DonationRecordLogicTest.java:83)
]]></error>
    <system-out><![CDATA[2021-04-18T22:28:12,736|[DEBUG] EMFactory - getting EntityManagerFactory
2021-04-18T22:28:12,736|[DEBUG] EMFactory - initializeing EntityManagerFactory
2021-04-18T22:28:12,747|[DEBUG] SQL - 
    /* load entity.DonationRecord */ select
        donationre0_.record_id as record_i1_3_0_,
        donationre0_.administrator as administ2_3_0_,
        donationre0_.donation_id as donation6_3_0_,
        donationre0_.created as created3_3_0_,
        donationre0_.hospital as hospital4_3_0_,
        donationre0_.person_id as person_i7_3_0_,
        donationre0_.tested as tested5_3_0_ 
    from
        simplebloodbank.donation_record donationre0_ 
    where
        donationre0_.record_id=?
2021-04-18T22:28:12,747|[TRACE] BasicBinder - binding parameter [1] as [INTEGER] - [0]
]]></system-out>
  </testcase>
  <testcase name="testGetAccountWithTested" classname="logic.DonationRecordLogicTest" time="0.01">
    <error type="javax.persistence.PersistenceException"><![CDATA[javax.persistence.PersistenceException: org.hibernate.PropertyValueException: not-null property references a null or transient value : entity.DonationRecord.administrator
	at logic.DonationRecordLogicTest.setUp(DonationRecordLogicTest.java:83)
Caused by: org.hibernate.PropertyValueException: not-null property references a null or transient value : entity.DonationRecord.administrator
	at logic.DonationRecordLogicTest.setUp(DonationRecordLogicTest.java:83)
]]></error>
    <system-out><![CDATA[2021-04-18T22:28:12,748|[DEBUG] EMFactory - getting EntityManagerFactory
2021-04-18T22:28:12,748|[DEBUG] EMFactory - initializeing EntityManagerFactory
2021-04-18T22:28:12,757|[DEBUG] SQL - 
    /* load entity.DonationRecord */ select
        donationre0_.record_id as record_i1_3_0_,
        donationre0_.administrator as administ2_3_0_,
        donationre0_.donation_id as donation6_3_0_,
        donationre0_.created as created3_3_0_,
        donationre0_.hospital as hospital4_3_0_,
        donationre0_.person_id as person_i7_3_0_,
        donationre0_.tested as tested5_3_0_ 
    from
        simplebloodbank.donation_record donationre0_ 
    where
        donationre0_.record_id=?
2021-04-18T22:28:12,757|[TRACE] BasicBinder - binding parameter [1] as [INTEGER] - [0]
]]></system-out>
  </testcase>
  <testcase name="testCreateEntityEdgeValues" classname="logic.DonationRecordLogicTest" time="0.01">
    <error type="javax.persistence.PersistenceException"><![CDATA[javax.persistence.PersistenceException: org.hibernate.PropertyValueException: not-null property references a null or transient value : entity.DonationRecord.administrator
	at logic.DonationRecordLogicTest.setUp(DonationRecordLogicTest.java:83)
Caused by: org.hibernate.PropertyValueException: not-null property references a null or transient value : entity.DonationRecord.administrator
	at logic.DonationRecordLogicTest.setUp(DonationRecordLogicTest.java:83)
]]></error>
    <system-out><![CDATA[2021-04-18T22:28:12,759|[DEBUG] EMFactory - getting EntityManagerFactory
2021-04-18T22:28:12,759|[DEBUG] EMFactory - initializeing EntityManagerFactory
2021-04-18T22:28:12,768|[DEBUG] SQL - 
    /* load entity.DonationRecord */ select
        donationre0_.record_id as record_i1_3_0_,
        donationre0_.administrator as administ2_3_0_,
        donationre0_.donation_id as donation6_3_0_,
        donationre0_.created as created3_3_0_,
        donationre0_.hospital as hospital4_3_0_,
        donationre0_.person_id as person_i7_3_0_,
        donationre0_.tested as tested5_3_0_ 
    from
        simplebloodbank.donation_record donationre0_ 
    where
        donationre0_.record_id=?
2021-04-18T22:28:12,769|[TRACE] BasicBinder - binding parameter [1] as [INTEGER] - [0]
]]></system-out>
  </testcase>
  <testcase name="testGetDonationRecordWithHospital" classname="logic.DonationRecordLogicTest" time="0.011">
    <error type="javax.persistence.PersistenceException"><![CDATA[javax.persistence.PersistenceException: org.hibernate.PropertyValueException: not-null property references a null or transient value : entity.DonationRecord.administrator
	at logic.DonationRecordLogicTest.setUp(DonationRecordLogicTest.java:83)
Caused by: org.hibernate.PropertyValueException: not-null property references a null or transient value : entity.DonationRecord.administrator
	at logic.DonationRecordLogicTest.setUp(DonationRecordLogicTest.java:83)
]]></error>
    <system-out><![CDATA[2021-04-18T22:28:12,770|[DEBUG] EMFactory - getting EntityManagerFactory
2021-04-18T22:28:12,770|[DEBUG] EMFactory - initializeing EntityManagerFactory
2021-04-18T22:28:12,780|[DEBUG] SQL - 
    /* load entity.DonationRecord */ select
        donationre0_.record_id as record_i1_3_0_,
        donationre0_.administrator as administ2_3_0_,
        donationre0_.donation_id as donation6_3_0_,
        donationre0_.created as created3_3_0_,
        donationre0_.hospital as hospital4_3_0_,
        donationre0_.person_id as person_i7_3_0_,
        donationre0_.tested as tested5_3_0_ 
    from
        simplebloodbank.donation_record donationre0_ 
    where
        donationre0_.record_id=?
2021-04-18T22:28:12,780|[TRACE] BasicBinder - binding parameter [1] as [INTEGER] - [0]
]]></system-out>
  </testcase>
  <testcase name="testGetAll" classname="logic.DonationRecordLogicTest" time="0.012">
    <error type="javax.persistence.PersistenceException"><![CDATA[javax.persistence.PersistenceException: org.hibernate.PropertyValueException: not-null property references a null or transient value : entity.DonationRecord.administrator
	at logic.DonationRecordLogicTest.setUp(DonationRecordLogicTest.java:83)
Caused by: org.hibernate.PropertyValueException: not-null property references a null or transient value : entity.DonationRecord.administrator
	at logic.DonationRecordLogicTest.setUp(DonationRecordLogicTest.java:83)
]]></error>
    <system-out><![CDATA[2021-04-18T22:28:12,782|[DEBUG] EMFactory - getting EntityManagerFactory
2021-04-18T22:28:12,782|[DEBUG] EMFactory - initializeing EntityManagerFactory
2021-04-18T22:28:12,792|[DEBUG] SQL - 
    /* load entity.DonationRecord */ select
        donationre0_.record_id as record_i1_3_0_,
        donationre0_.administrator as administ2_3_0_,
        donationre0_.donation_id as donation6_3_0_,
        donationre0_.created as created3_3_0_,
        donationre0_.hospital as hospital4_3_0_,
        donationre0_.person_id as person_i7_3_0_,
        donationre0_.tested as tested5_3_0_ 
    from
        simplebloodbank.donation_record donationre0_ 
    where
        donationre0_.record_id=?
2021-04-18T22:28:12,792|[TRACE] BasicBinder - binding parameter [1] as [INTEGER] - [0]
]]></system-out>
  </testcase>
  <testcase name="testGetDonationRecordWithCreated" classname="logic.DonationRecordLogicTest" time="0.011">
    <error type="javax.persistence.PersistenceException"><![CDATA[javax.persistence.PersistenceException: org.hibernate.PropertyValueException: not-null property references a null or transient value : entity.DonationRecord.administrator
	at logic.DonationRecordLogicTest.setUp(DonationRecordLogicTest.java:83)
Caused by: org.hibernate.PropertyValueException: not-null property references a null or transient value : entity.DonationRecord.administrator
	at logic.DonationRecordLogicTest.setUp(DonationRecordLogicTest.java:83)
]]></error>
    <system-out><![CDATA[2021-04-18T22:28:12,793|[DEBUG] EMFactory - getting EntityManagerFactory
2021-04-18T22:28:12,793|[DEBUG] EMFactory - initializeing EntityManagerFactory
2021-04-18T22:28:12,803|[DEBUG] SQL - 
    /* load entity.DonationRecord */ select
        donationre0_.record_id as record_i1_3_0_,
        donationre0_.administrator as administ2_3_0_,
        donationre0_.donation_id as donation6_3_0_,
        donationre0_.created as created3_3_0_,
        donationre0_.hospital as hospital4_3_0_,
        donationre0_.person_id as person_i7_3_0_,
        donationre0_.tested as tested5_3_0_ 
    from
        simplebloodbank.donation_record donationre0_ 
    where
        donationre0_.record_id=?
2021-04-18T22:28:12,803|[TRACE] BasicBinder - binding parameter [1] as [INTEGER] - [0]
]]></system-out>
  </testcase>
  <testcase name="testGetColumnCodes" classname="logic.DonationRecordLogicTest" time="0.011">
    <error type="javax.persistence.PersistenceException"><![CDATA[javax.persistence.PersistenceException: org.hibernate.PropertyValueException: not-null property references a null or transient value : entity.DonationRecord.administrator
	at logic.DonationRecordLogicTest.setUp(DonationRecordLogicTest.java:83)
Caused by: org.hibernate.PropertyValueException: not-null property references a null or transient value : entity.DonationRecord.administrator
	at logic.DonationRecordLogicTest.setUp(DonationRecordLogicTest.java:83)
]]></error>
    <system-out><![CDATA[2021-04-18T22:28:12,805|[DEBUG] EMFactory - getting EntityManagerFactory
2021-04-18T22:28:12,805|[DEBUG] EMFactory - initializeing EntityManagerFactory
2021-04-18T22:28:12,815|[DEBUG] SQL - 
    /* load entity.DonationRecord */ select
        donationre0_.record_id as record_i1_3_0_,
        donationre0_.administrator as administ2_3_0_,
        donationre0_.donation_id as donation6_3_0_,
        donationre0_.created as created3_3_0_,
        donationre0_.hospital as hospital4_3_0_,
        donationre0_.person_id as person_i7_3_0_,
        donationre0_.tested as tested5_3_0_ 
    from
        simplebloodbank.donation_record donationre0_ 
    where
        donationre0_.record_id=?
2021-04-18T22:28:12,815|[TRACE] BasicBinder - binding parameter [1] as [INTEGER] - [0]
]]></system-out>
  </testcase>
  <testcase name="testGetColumnNames" classname="logic.DonationRecordLogicTest" time="0.011">
    <error type="javax.persistence.PersistenceException"><![CDATA[javax.persistence.PersistenceException: org.hibernate.PropertyValueException: not-null property references a null or transient value : entity.DonationRecord.administrator
	at logic.DonationRecordLogicTest.setUp(DonationRecordLogicTest.java:83)
Caused by: org.hibernate.PropertyValueException: not-null property references a null or transient value : entity.DonationRecord.administrator
	at logic.DonationRecordLogicTest.setUp(DonationRecordLogicTest.java:83)
]]></error>
    <system-out><![CDATA[2021-04-18T22:28:12,817|[DEBUG] EMFactory - getting EntityManagerFactory
2021-04-18T22:28:12,817|[DEBUG] EMFactory - initializeing EntityManagerFactory
2021-04-18T22:28:12,827|[DEBUG] SQL - 
    /* load entity.DonationRecord */ select
        donationre0_.record_id as record_i1_3_0_,
        donationre0_.administrator as administ2_3_0_,
        donationre0_.donation_id as donation6_3_0_,
        donationre0_.created as created3_3_0_,
        donationre0_.hospital as hospital4_3_0_,
        donationre0_.person_id as person_i7_3_0_,
        donationre0_.tested as tested5_3_0_ 
    from
        simplebloodbank.donation_record donationre0_ 
    where
        donationre0_.record_id=?
2021-04-18T22:28:12,827|[TRACE] BasicBinder - binding parameter [1] as [INTEGER] - [0]
]]></system-out>
  </testcase>
  <testcase name="testGetWithId" classname="logic.DonationRecordLogicTest" time="0.011">
    <error type="javax.persistence.PersistenceException"><![CDATA[javax.persistence.PersistenceException: org.hibernate.PropertyValueException: not-null property references a null or transient value : entity.DonationRecord.administrator
	at logic.DonationRecordLogicTest.setUp(DonationRecordLogicTest.java:83)
Caused by: org.hibernate.PropertyValueException: not-null property references a null or transient value : entity.DonationRecord.administrator
	at logic.DonationRecordLogicTest.setUp(DonationRecordLogicTest.java:83)
]]></error>
    <system-out><![CDATA[2021-04-18T22:28:12,829|[DEBUG] EMFactory - getting EntityManagerFactory
2021-04-18T22:28:12,829|[DEBUG] EMFactory - initializeing EntityManagerFactory
2021-04-18T22:28:12,838|[DEBUG] SQL - 
    /* load entity.DonationRecord */ select
        donationre0_.record_id as record_i1_3_0_,
        donationre0_.administrator as administ2_3_0_,
        donationre0_.donation_id as donation6_3_0_,
        donationre0_.created as created3_3_0_,
        donationre0_.hospital as hospital4_3_0_,
        donationre0_.person_id as person_i7_3_0_,
        donationre0_.tested as tested5_3_0_ 
    from
        simplebloodbank.donation_record donationre0_ 
    where
        donationre0_.record_id=?
2021-04-18T22:28:12,838|[TRACE] BasicBinder - binding parameter [1] as [INTEGER] - [0]
]]></system-out>
  </testcase>
</testsuite>